CRITICAL - 2022-08-26 02:52:50 --> Undefined property: App\Controllers\CustomerController::$employee_estimated_time_obj
in APPPATH\Controllers\CustomerController.php on line 48.
 1 APPPATH\Controllers\CustomerController.php(48): CodeIgniter\Debug\Exceptions->errorHandler(2, 'Undefined property: App\\Controllers\\CustomerController::$employee_estimated_time_obj', 'APPPATH\\Controllers\\CustomerController.php', 48)
 2 SYSTEMPATH\CodeIgniter.php(904): App\Controllers\CustomerController->projects()
 3 SYSTEMPATH\CodeIgniter.php(457): CodeIgniter\CodeIgniter->runController(Object(App\Controllers\CustomerController))
 4 SYSTEMPATH\CodeIgniter.php(340): CodeIgniter\CodeIgniter->handleRequest(null, Object(Config\Cache), false)
 5 FCPATH\index.php(67): CodeIgniter\CodeIgniter->run()
 6 SYSTEMPATH\Commands\Server\rewrite.php(43): require_once('FCPATH\\index.php')
CRITICAL - 2022-08-26 02:56:06 --> Undefined variable $time_adds
in APPPATH\Views\Employee\projects.php on line 265.
 1 APPPATH\Views\Employee\projects.php(265): CodeIgniter\Debug\Exceptions->errorHandler(2, 'Undefined variable $time_adds', 'APPPATH\\Views\\Employee\\projects.php', 265)
 2 SYSTEMPATH\View\View.php(213): include('APPPATH\\Views\\Employee\\projects.php')
 3 SYSTEMPATH\View\View.php(216): CodeIgniter\View\View->CodeIgniter\View\{closure}()
 4 SYSTEMPATH\Common.php(1137): CodeIgniter\View\View->render('Employee/projects', [], true)
 5 APPPATH\Controllers\CustomerController.php(57): view('Employee/projects', [...])
 6 SYSTEMPATH\CodeIgniter.php(904): App\Controllers\CustomerController->projects()
 7 SYSTEMPATH\CodeIgniter.php(457): CodeIgniter\CodeIgniter->runController(Object(App\Controllers\CustomerController))
 8 SYSTEMPATH\CodeIgniter.php(340): CodeIgniter\CodeIgniter->handleRequest(null, Object(Config\Cache), false)
 9 FCPATH\index.php(67): CodeIgniter\CodeIgniter->run()
10 SYSTEMPATH\Commands\Server\rewrite.php(43): require_once('FCPATH\\index.php')
CRITICAL - 2022-08-26 02:56:06 --> Undefined variable $time_adds
in APPPATH\Views\Employee\projects.php on line 265.
 1 APPPATH\Views\Employee\projects.php(265): CodeIgniter\Debug\Exceptions->errorHandler(2, 'Undefined variable $time_adds', 'APPPATH\\Views\\Employee\\projects.php', 265)
 2 SYSTEMPATH\View\View.php(213): include('APPPATH\\Views\\Employee\\projects.php')
 3 SYSTEMPATH\View\View.php(216): CodeIgniter\View\View->CodeIgniter\View\{closure}()
 4 SYSTEMPATH\Common.php(1137): CodeIgniter\View\View->render('Employee/projects', [], true)
 5 APPPATH\Controllers\CustomerController.php(57): view('Employee/projects', [...])
 6 SYSTEMPATH\CodeIgniter.php(904): App\Controllers\CustomerController->projects()
 7 SYSTEMPATH\CodeIgniter.php(457): CodeIgniter\CodeIgniter->runController(Object(App\Controllers\CustomerController))
 8 SYSTEMPATH\CodeIgniter.php(340): CodeIgniter\CodeIgniter->handleRequest(null, Object(Config\Cache), false)
 9 FCPATH\index.php(67): CodeIgniter\CodeIgniter->run()
10 SYSTEMPATH\Commands\Server\rewrite.php(43): require_once('FCPATH\\index.php')
CRITICAL - 2022-08-26 02:56:26 --> Undefined variable $time_adds
in APPPATH\Views\Employee\projects.php on line 265.
 1 APPPATH\Views\Employee\projects.php(265): CodeIgniter\Debug\Exceptions->errorHandler(2, 'Undefined variable $time_adds', 'APPPATH\\Views\\Employee\\projects.php', 265)
 2 SYSTEMPATH\View\View.php(213): include('APPPATH\\Views\\Employee\\projects.php')
 3 SYSTEMPATH\View\View.php(216): CodeIgniter\View\View->CodeIgniter\View\{closure}()
 4 SYSTEMPATH\Common.php(1137): CodeIgniter\View\View->render('Employee/projects', [], true)
 5 APPPATH\Controllers\CustomerController.php(57): view('Employee/projects', [...])
 6 SYSTEMPATH\CodeIgniter.php(904): App\Controllers\CustomerController->projects()
 7 SYSTEMPATH\CodeIgniter.php(457): CodeIgniter\CodeIgniter->runController(Object(App\Controllers\CustomerController))
 8 SYSTEMPATH\CodeIgniter.php(340): CodeIgniter\CodeIgniter->handleRequest(null, Object(Config\Cache), false)
 9 FCPATH\index.php(67): CodeIgniter\CodeIgniter->run()
10 SYSTEMPATH\Commands\Server\rewrite.php(43): require_once('FCPATH\\index.php')
CRITICAL - 2022-08-26 02:56:27 --> Undefined variable $time_adds
in APPPATH\Views\Employee\projects.php on line 265.
 1 APPPATH\Views\Employee\projects.php(265): CodeIgniter\Debug\Exceptions->errorHandler(2, 'Undefined variable $time_adds', 'APPPATH\\Views\\Employee\\projects.php', 265)
 2 SYSTEMPATH\View\View.php(213): include('APPPATH\\Views\\Employee\\projects.php')
 3 SYSTEMPATH\View\View.php(216): CodeIgniter\View\View->CodeIgniter\View\{closure}()
 4 SYSTEMPATH\Common.php(1137): CodeIgniter\View\View->render('Employee/projects', [], true)
 5 APPPATH\Controllers\CustomerController.php(57): view('Employee/projects', [...])
 6 SYSTEMPATH\CodeIgniter.php(904): App\Controllers\CustomerController->projects()
 7 SYSTEMPATH\CodeIgniter.php(457): CodeIgniter\CodeIgniter->runController(Object(App\Controllers\CustomerController))
 8 SYSTEMPATH\CodeIgniter.php(340): CodeIgniter\CodeIgniter->handleRequest(null, Object(Config\Cache), false)
 9 FCPATH\index.php(67): CodeIgniter\CodeIgniter->run()
10 SYSTEMPATH\Commands\Server\rewrite.php(43): require_once('FCPATH\\index.php')
CRITICAL - 2022-08-26 02:56:28 --> Undefined variable $time_adds
in APPPATH\Views\Employee\projects.php on line 265.
 1 APPPATH\Views\Employee\projects.php(265): CodeIgniter\Debug\Exceptions->errorHandler(2, 'Undefined variable $time_adds', 'APPPATH\\Views\\Employee\\projects.php', 265)
 2 SYSTEMPATH\View\View.php(213): include('APPPATH\\Views\\Employee\\projects.php')
 3 SYSTEMPATH\View\View.php(216): CodeIgniter\View\View->CodeIgniter\View\{closure}()
 4 SYSTEMPATH\Common.php(1137): CodeIgniter\View\View->render('Employee/projects', [], true)
 5 APPPATH\Controllers\CustomerController.php(57): view('Employee/projects', [...])
 6 SYSTEMPATH\CodeIgniter.php(904): App\Controllers\CustomerController->projects()
 7 SYSTEMPATH\CodeIgniter.php(457): CodeIgniter\CodeIgniter->runController(Object(App\Controllers\CustomerController))
 8 SYSTEMPATH\CodeIgniter.php(340): CodeIgniter\CodeIgniter->handleRequest(null, Object(Config\Cache), false)
 9 FCPATH\index.php(67): CodeIgniter\CodeIgniter->run()
10 SYSTEMPATH\Commands\Server\rewrite.php(43): require_once('FCPATH\\index.php')
CRITICAL - 2022-08-26 02:56:29 --> Undefined variable $time_adds
in APPPATH\Views\Employee\projects.php on line 265.
 1 APPPATH\Views\Employee\projects.php(265): CodeIgniter\Debug\Exceptions->errorHandler(2, 'Undefined variable $time_adds', 'APPPATH\\Views\\Employee\\projects.php', 265)
 2 SYSTEMPATH\View\View.php(213): include('APPPATH\\Views\\Employee\\projects.php')
 3 SYSTEMPATH\View\View.php(216): CodeIgniter\View\View->CodeIgniter\View\{closure}()
 4 SYSTEMPATH\Common.php(1137): CodeIgniter\View\View->render('Employee/projects', [], true)
 5 APPPATH\Controllers\CustomerController.php(57): view('Employee/projects', [...])
 6 SYSTEMPATH\CodeIgniter.php(904): App\Controllers\CustomerController->projects()
 7 SYSTEMPATH\CodeIgniter.php(457): CodeIgniter\CodeIgniter->runController(Object(App\Controllers\CustomerController))
 8 SYSTEMPATH\CodeIgniter.php(340): CodeIgniter\CodeIgniter->handleRequest(null, Object(Config\Cache), false)
 9 FCPATH\index.php(67): CodeIgniter\CodeIgniter->run()
10 SYSTEMPATH\Commands\Server\rewrite.php(43): require_once('FCPATH\\index.php')
CRITICAL - 2022-08-26 02:56:44 --> Undefined variable $time_adds
in APPPATH\Views\Employee\projects.php on line 265.
 1 APPPATH\Views\Employee\projects.php(265): CodeIgniter\Debug\Exceptions->errorHandler(2, 'Undefined variable $time_adds', 'APPPATH\\Views\\Employee\\projects.php', 265)
 2 SYSTEMPATH\View\View.php(213): include('APPPATH\\Views\\Employee\\projects.php')
 3 SYSTEMPATH\View\View.php(216): CodeIgniter\View\View->CodeIgniter\View\{closure}()
 4 SYSTEMPATH\Common.php(1137): CodeIgniter\View\View->render('Employee/projects', [], true)
 5 APPPATH\Controllers\CustomerController.php(57): view('Employee/projects', [...])
 6 SYSTEMPATH\CodeIgniter.php(904): App\Controllers\CustomerController->projects()
 7 SYSTEMPATH\CodeIgniter.php(457): CodeIgniter\CodeIgniter->runController(Object(App\Controllers\CustomerController))
 8 SYSTEMPATH\CodeIgniter.php(340): CodeIgniter\CodeIgniter->handleRequest(null, Object(Config\Cache), false)
 9 FCPATH\index.php(67): CodeIgniter\CodeIgniter->run()
10 SYSTEMPATH\Commands\Server\rewrite.php(43): require_once('FCPATH\\index.php')
CRITICAL - 2022-08-26 02:56:45 --> Undefined variable $time_adds
in APPPATH\Views\Employee\projects.php on line 265.
 1 APPPATH\Views\Employee\projects.php(265): CodeIgniter\Debug\Exceptions->errorHandler(2, 'Undefined variable $time_adds', 'APPPATH\\Views\\Employee\\projects.php', 265)
 2 SYSTEMPATH\View\View.php(213): include('APPPATH\\Views\\Employee\\projects.php')
 3 SYSTEMPATH\View\View.php(216): CodeIgniter\View\View->CodeIgniter\View\{closure}()
 4 SYSTEMPATH\Common.php(1137): CodeIgniter\View\View->render('Employee/projects', [], true)
 5 APPPATH\Controllers\CustomerController.php(57): view('Employee/projects', [...])
 6 SYSTEMPATH\CodeIgniter.php(904): App\Controllers\CustomerController->projects()
 7 SYSTEMPATH\CodeIgniter.php(457): CodeIgniter\CodeIgniter->runController(Object(App\Controllers\CustomerController))
 8 SYSTEMPATH\CodeIgniter.php(340): CodeIgniter\CodeIgniter->handleRequest(null, Object(Config\Cache), false)
 9 FCPATH\index.php(67): CodeIgniter\CodeIgniter->run()
10 SYSTEMPATH\Commands\Server\rewrite.php(43): require_once('FCPATH\\index.php')
CRITICAL - 2022-08-26 02:56:45 --> Undefined variable $time_adds
in APPPATH\Views\Employee\projects.php on line 265.
 1 APPPATH\Views\Employee\projects.php(265): CodeIgniter\Debug\Exceptions->errorHandler(2, 'Undefined variable $time_adds', 'APPPATH\\Views\\Employee\\projects.php', 265)
 2 SYSTEMPATH\View\View.php(213): include('APPPATH\\Views\\Employee\\projects.php')
 3 SYSTEMPATH\View\View.php(216): CodeIgniter\View\View->CodeIgniter\View\{closure}()
 4 SYSTEMPATH\Common.php(1137): CodeIgniter\View\View->render('Employee/projects', [], true)
 5 APPPATH\Controllers\CustomerController.php(57): view('Employee/projects', [...])
 6 SYSTEMPATH\CodeIgniter.php(904): App\Controllers\CustomerController->projects()
 7 SYSTEMPATH\CodeIgniter.php(457): CodeIgniter\CodeIgniter->runController(Object(App\Controllers\CustomerController))
 8 SYSTEMPATH\CodeIgniter.php(340): CodeIgniter\CodeIgniter->handleRequest(null, Object(Config\Cache), false)
 9 FCPATH\index.php(67): CodeIgniter\CodeIgniter->run()
10 SYSTEMPATH\Commands\Server\rewrite.php(43): require_once('FCPATH\\index.php')
CRITICAL - 2022-08-26 02:56:45 --> Undefined variable $time_adds
in APPPATH\Views\Employee\projects.php on line 265.
 1 APPPATH\Views\Employee\projects.php(265): CodeIgniter\Debug\Exceptions->errorHandler(2, 'Undefined variable $time_adds', 'APPPATH\\Views\\Employee\\projects.php', 265)
 2 SYSTEMPATH\View\View.php(213): include('APPPATH\\Views\\Employee\\projects.php')
 3 SYSTEMPATH\View\View.php(216): CodeIgniter\View\View->CodeIgniter\View\{closure}()
 4 SYSTEMPATH\Common.php(1137): CodeIgniter\View\View->render('Employee/projects', [], true)
 5 APPPATH\Controllers\CustomerController.php(57): view('Employee/projects', [...])
 6 SYSTEMPATH\CodeIgniter.php(904): App\Controllers\CustomerController->projects()
 7 SYSTEMPATH\CodeIgniter.php(457): CodeIgniter\CodeIgniter->runController(Object(App\Controllers\CustomerController))
 8 SYSTEMPATH\CodeIgniter.php(340): CodeIgniter\CodeIgniter->handleRequest(null, Object(Config\Cache), false)
 9 FCPATH\index.php(67): CodeIgniter\CodeIgniter->run()
10 SYSTEMPATH\Commands\Server\rewrite.php(43): require_once('FCPATH\\index.php')
