CRITICAL - 2022-08-22 02:14:39 --> Undefined variable $logged_user_data
in APPPATH\Views\welcome.php on line 73.
 1 APPPATH\Views\welcome.php(73): CodeIgniter\Debug\Exceptions->errorHandler(2, 'Undefined variable $logged_user_data', 'APPPATH\\Views\\welcome.php', 73)
 2 SYSTEMPATH\View\View.php(213): include('APPPATH\\Views\\welcome.php')
 3 SYSTEMPATH\View\View.php(216): CodeIgniter\View\View->CodeIgniter\View\{closure}()
 4 SYSTEMPATH\Common.php(1137): CodeIgniter\View\View->render('welcome', [], true)
 5 APPPATH\Controllers\Home.php(9): view('welcome')
 6 SYSTEMPATH\CodeIgniter.php(904): App\Controllers\Home->index()
 7 SYSTEMPATH\CodeIgniter.php(457): CodeIgniter\CodeIgniter->runController(Object(App\Controllers\Home))
 8 SYSTEMPATH\CodeIgniter.php(340): CodeIgniter\CodeIgniter->handleRequest(null, Object(Config\Cache), false)
 9 FCPATH\index.php(67): CodeIgniter\CodeIgniter->run()
10 SYSTEMPATH\Commands\Server\rewrite.php(43): require_once('FCPATH\\index.php')
CRITICAL - 2022-08-22 02:14:59 --> Undefined variable $logged_user_data
in APPPATH\Views\welcome.php on line 73.
 1 APPPATH\Views\welcome.php(73): CodeIgniter\Debug\Exceptions->errorHandler(2, 'Undefined variable $logged_user_data', 'APPPATH\\Views\\welcome.php', 73)
 2 SYSTEMPATH\View\View.php(213): include('APPPATH\\Views\\welcome.php')
 3 SYSTEMPATH\View\View.php(216): CodeIgniter\View\View->CodeIgniter\View\{closure}()
 4 SYSTEMPATH\Common.php(1137): CodeIgniter\View\View->render('welcome', [], true)
 5 APPPATH\Controllers\Home.php(9): view('welcome')
 6 SYSTEMPATH\CodeIgniter.php(904): App\Controllers\Home->index()
 7 SYSTEMPATH\CodeIgniter.php(457): CodeIgniter\CodeIgniter->runController(Object(App\Controllers\Home))
 8 SYSTEMPATH\CodeIgniter.php(340): CodeIgniter\CodeIgniter->handleRequest(null, Object(Config\Cache), false)
 9 FCPATH\index.php(67): CodeIgniter\CodeIgniter->run()
10 SYSTEMPATH\Commands\Server\rewrite.php(43): require_once('FCPATH\\index.php')
CRITICAL - 2022-08-22 02:29:54 --> Undefined variable $logged_user_data
in APPPATH\Views\Employee\project.php on line 73.
 1 APPPATH\Views\Employee\project.php(73): CodeIgniter\Debug\Exceptions->errorHandler(2, 'Undefined variable $logged_user_data', 'APPPATH\\Views\\Employee\\project.php', 73)
 2 SYSTEMPATH\View\View.php(213): include('APPPATH\\Views\\Employee\\project.php')
 3 SYSTEMPATH\View\View.php(216): CodeIgniter\View\View->CodeIgniter\View\{closure}()
 4 SYSTEMPATH\Common.php(1137): CodeIgniter\View\View->render('Employee/project', [], true)
 5 APPPATH\Controllers\EmployeeController.php(30): view('Employee/project', [...])
 6 SYSTEMPATH\CodeIgniter.php(904): App\Controllers\EmployeeController->project('36')
 7 SYSTEMPATH\CodeIgniter.php(457): CodeIgniter\CodeIgniter->runController(Object(App\Controllers\EmployeeController))
 8 SYSTEMPATH\CodeIgniter.php(340): CodeIgniter\CodeIgniter->handleRequest(null, Object(Config\Cache), false)
 9 FCPATH\index.php(67): CodeIgniter\CodeIgniter->run()
10 SYSTEMPATH\Commands\Server\rewrite.php(43): require_once('FCPATH\\index.php')
CRITICAL - 2022-08-22 02:48:12 --> Undefined array key "rolge"
in APPPATH\Views\Request\request.php on line 205.
 1 APPPATH\Views\Request\request.php(205): CodeIgniter\Debug\Exceptions->errorHandler(2, 'Undefined array key "rolge"', 'APPPATH\\Views\\Request\\request.php', 205)
 2 SYSTEMPATH\View\View.php(213): include('APPPATH\\Views\\Request\\request.php')
 3 SYSTEMPATH\View\View.php(216): CodeIgniter\View\View->CodeIgniter\View\{closure}()
 4 SYSTEMPATH\Common.php(1137): CodeIgniter\View\View->render('Request/request', [], true)
 5 APPPATH\Controllers\RequestController.php(68): view('Request/request', [...])
 6 SYSTEMPATH\CodeIgniter.php(904): App\Controllers\RequestController->request('20')
 7 SYSTEMPATH\CodeIgniter.php(457): CodeIgniter\CodeIgniter->runController(Object(App\Controllers\RequestController))
 8 SYSTEMPATH\CodeIgniter.php(340): CodeIgniter\CodeIgniter->handleRequest(null, Object(Config\Cache), false)
 9 FCPATH\index.php(67): CodeIgniter\CodeIgniter->run()
10 SYSTEMPATH\Commands\Server\rewrite.php(43): require_once('FCPATH\\index.php')
CRITICAL - 2022-08-22 02:54:44 --> Undefined variable $customer
in APPPATH\Views\Customer\project.php on line 222.
 1 APPPATH\Views\Customer\project.php(222): CodeIgniter\Debug\Exceptions->errorHandler(2, 'Undefined variable $customer', 'APPPATH\\Views\\Customer\\project.php', 222)
 2 SYSTEMPATH\View\View.php(213): include('APPPATH\\Views\\Customer\\project.php')
 3 SYSTEMPATH\View\View.php(216): CodeIgniter\View\View->CodeIgniter\View\{closure}()
 4 SYSTEMPATH\Common.php(1137): CodeIgniter\View\View->render('Customer/project', [], true)
 5 APPPATH\Controllers\CustomerController.php(31): view('Customer/project', [...])
 6 SYSTEMPATH\CodeIgniter.php(904): App\Controllers\CustomerController->project()
 7 SYSTEMPATH\CodeIgniter.php(457): CodeIgniter\CodeIgniter->runController(Object(App\Controllers\CustomerController))
 8 SYSTEMPATH\CodeIgniter.php(340): CodeIgniter\CodeIgniter->handleRequest(null, Object(Config\Cache), false)
 9 FCPATH\index.php(67): CodeIgniter\CodeIgniter->run()
10 SYSTEMPATH\Commands\Server\rewrite.php(43): require_once('FCPATH\\index.php')
CRITICAL - 2022-08-22 03:03:38 --> Undefined variable $logged_user_data
in APPPATH\Views\Request\make-request.php on line 73.
 1 APPPATH\Views\Request\make-request.php(73): CodeIgniter\Debug\Exceptions->errorHandler(2, 'Undefined variable $logged_user_data', 'APPPATH\\Views\\Request\\make-request.php', 73)
 2 SYSTEMPATH\View\View.php(213): include('APPPATH\\Views\\Request\\make-request.php')
 3 SYSTEMPATH\View\View.php(216): CodeIgniter\View\View->CodeIgniter\View\{closure}()
 4 SYSTEMPATH\Common.php(1137): CodeIgniter\View\View->render('Request/make-request', [], true)
 5 APPPATH\Controllers\RequestController.php(15): view('Request/make-request')
 6 SYSTEMPATH\CodeIgniter.php(904): App\Controllers\RequestController->create()
 7 SYSTEMPATH\CodeIgniter.php(457): CodeIgniter\CodeIgniter->runController(Object(App\Controllers\RequestController))
 8 SYSTEMPATH\CodeIgniter.php(340): CodeIgniter\CodeIgniter->handleRequest(null, Object(Config\Cache), false)
 9 FCPATH\index.php(67): CodeIgniter\CodeIgniter->run()
10 SYSTEMPATH\Commands\Server\rewrite.php(43): require_once('FCPATH\\index.php')
CRITICAL - 2022-08-22 03:04:00 --> Undefined variable $logged_user_data
in APPPATH\Views\Request\make-request.php on line 73.
 1 APPPATH\Views\Request\make-request.php(73): CodeIgniter\Debug\Exceptions->errorHandler(2, 'Undefined variable $logged_user_data', 'APPPATH\\Views\\Request\\make-request.php', 73)
 2 SYSTEMPATH\View\View.php(213): include('APPPATH\\Views\\Request\\make-request.php')
 3 SYSTEMPATH\View\View.php(216): CodeIgniter\View\View->CodeIgniter\View\{closure}()
 4 SYSTEMPATH\Common.php(1137): CodeIgniter\View\View->render('Request/make-request', [], true)
 5 APPPATH\Controllers\RequestController.php(15): view('Request/make-request')
 6 SYSTEMPATH\CodeIgniter.php(904): App\Controllers\RequestController->create()
 7 SYSTEMPATH\CodeIgniter.php(457): CodeIgniter\CodeIgniter->runController(Object(App\Controllers\RequestController))
 8 SYSTEMPATH\CodeIgniter.php(340): CodeIgniter\CodeIgniter->handleRequest(null, Object(Config\Cache), false)
 9 FCPATH\index.php(67): CodeIgniter\CodeIgniter->run()
10 SYSTEMPATH\Commands\Server\rewrite.php(43): require_once('FCPATH\\index.php')
CRITICAL - 2022-08-22 03:04:02 --> Undefined variable $logged_user_data
in APPPATH\Views\Request\make-request.php on line 73.
 1 APPPATH\Views\Request\make-request.php(73): CodeIgniter\Debug\Exceptions->errorHandler(2, 'Undefined variable $logged_user_data', 'APPPATH\\Views\\Request\\make-request.php', 73)
 2 SYSTEMPATH\View\View.php(213): include('APPPATH\\Views\\Request\\make-request.php')
 3 SYSTEMPATH\View\View.php(216): CodeIgniter\View\View->CodeIgniter\View\{closure}()
 4 SYSTEMPATH\Common.php(1137): CodeIgniter\View\View->render('Request/make-request', [], true)
 5 APPPATH\Controllers\RequestController.php(15): view('Request/make-request')
 6 SYSTEMPATH\CodeIgniter.php(904): App\Controllers\RequestController->create()
 7 SYSTEMPATH\CodeIgniter.php(457): CodeIgniter\CodeIgniter->runController(Object(App\Controllers\RequestController))
 8 SYSTEMPATH\CodeIgniter.php(340): CodeIgniter\CodeIgniter->handleRequest(null, Object(Config\Cache), false)
 9 FCPATH\index.php(67): CodeIgniter\CodeIgniter->run()
10 SYSTEMPATH\Commands\Server\rewrite.php(43): require_once('FCPATH\\index.php')
CRITICAL - 2022-08-22 03:04:38 --> Undefined variable $customers
in APPPATH\Views\Request\make-request.php on line 213.
 1 APPPATH\Views\Request\make-request.php(213): CodeIgniter\Debug\Exceptions->errorHandler(2, 'Undefined variable $customers', 'APPPATH\\Views\\Request\\make-request.php', 213)
 2 SYSTEMPATH\View\View.php(213): include('APPPATH\\Views\\Request\\make-request.php')
 3 SYSTEMPATH\View\View.php(216): CodeIgniter\View\View->CodeIgniter\View\{closure}()
 4 SYSTEMPATH\Common.php(1137): CodeIgniter\View\View->render('Request/make-request', [], true)
 5 APPPATH\Controllers\RequestController.php(18): view('Request/make-request', [...])
 6 SYSTEMPATH\CodeIgniter.php(904): App\Controllers\RequestController->create()
 7 SYSTEMPATH\CodeIgniter.php(457): CodeIgniter\CodeIgniter->runController(Object(App\Controllers\RequestController))
 8 SYSTEMPATH\CodeIgniter.php(340): CodeIgniter\CodeIgniter->handleRequest(null, Object(Config\Cache), false)
 9 FCPATH\index.php(67): CodeIgniter\CodeIgniter->run()
10 SYSTEMPATH\Commands\Server\rewrite.php(43): require_once('FCPATH\\index.php')
CRITICAL - 2022-08-22 03:07:04 --> Undefined variable $project
in APPPATH\Views\Request\make-request.php on line 192.
 1 APPPATH\Views\Request\make-request.php(192): CodeIgniter\Debug\Exceptions->errorHandler(2, 'Undefined variable $project', 'APPPATH\\Views\\Request\\make-request.php', 192)
 2 SYSTEMPATH\View\View.php(213): include('APPPATH\\Views\\Request\\make-request.php')
 3 SYSTEMPATH\View\View.php(216): CodeIgniter\View\View->CodeIgniter\View\{closure}()
 4 SYSTEMPATH\Common.php(1137): CodeIgniter\View\View->render('Request/make-request', [], true)
 5 APPPATH\Controllers\RequestController.php(23): view('Request/make-request', [...])
 6 SYSTEMPATH\CodeIgniter.php(904): App\Controllers\RequestController->create()
 7 SYSTEMPATH\CodeIgniter.php(457): CodeIgniter\CodeIgniter->runController(Object(App\Controllers\RequestController))
 8 SYSTEMPATH\CodeIgniter.php(340): CodeIgniter\CodeIgniter->handleRequest(null, Object(Config\Cache), false)
 9 FCPATH\index.php(67): CodeIgniter\CodeIgniter->run()
10 SYSTEMPATH\Commands\Server\rewrite.php(43): require_once('FCPATH\\index.php')
CRITICAL - 2022-08-22 03:07:37 --> Undefined array key "project_id"
in APPPATH\Filters\AuthProjectCustomer.php on line 16.
 1 APPPATH\Filters\AuthProjectCustomer.php(16): CodeIgniter\Debug\Exceptions->errorHandler(2, 'Undefined array key "project_id"', 'APPPATH\\Filters\\AuthProjectCustomer.php', 16)
 2 SYSTEMPATH\Filters\Filters.php(173): App\Filters\AuthProjectCustomer->before(Object(CodeIgniter\HTTP\IncomingRequest), null)
 3 SYSTEMPATH\CodeIgniter.php(431): CodeIgniter\Filters\Filters->run('submit-request', 'before')
 4 SYSTEMPATH\CodeIgniter.php(340): CodeIgniter\CodeIgniter->handleRequest(null, Object(Config\Cache), false)
 5 FCPATH\index.php(67): CodeIgniter\CodeIgniter->run()
 6 SYSTEMPATH\Commands\Server\rewrite.php(43): require_once('FCPATH\\index.php')
CRITICAL - 2022-08-22 03:16:44 --> Call to undefined method App\Models\RequestModel::deleteAllOfProject
in SYSTEMPATH\Model.php on line 773.
 1 APPPATH\Controllers\ProjectController.php(160): CodeIgniter\Model->__call('deleteAllOfProject', [...])
 2 SYSTEMPATH\CodeIgniter.php(904): App\Controllers\ProjectController->delete('39')
 3 SYSTEMPATH\CodeIgniter.php(457): CodeIgniter\CodeIgniter->runController(Object(App\Controllers\ProjectController))
 4 SYSTEMPATH\CodeIgniter.php(340): CodeIgniter\CodeIgniter->handleRequest(null, Object(Config\Cache), false)
 5 FCPATH\index.php(67): CodeIgniter\CodeIgniter->run()
 6 SYSTEMPATH\Commands\Server\rewrite.php(43): require_once('FCPATH\\index.php')
CRITICAL - 2022-08-22 03:23:54 --> Array to string conversion
in SYSTEMPATH\Database\Query.php on line 329.
 1 [internal function]: CodeIgniter\Debug\Exceptions->errorHandler(2, 'Array to string conversion', 'SYSTEMPATH\\Database\\Query.php', 329)
 2 SYSTEMPATH\Database\Query.php(329): implode(',', [...])
 3 SYSTEMPATH\Database\Query.php(310): CodeIgniter\Database\Query->matchNamedBinds('SELECT *
FROM `messages`
WHERE `messages`.`id` IN :messages.id:', [...])
 4 SYSTEMPATH\Database\Query.php(159): CodeIgniter\Database\Query->compileBinds()
 5 SYSTEMPATH\Debug\Toolbar\Collectors\Database.php(86): CodeIgniter\Database\Query->getQuery()
 6 SYSTEMPATH\Events\Events.php(149): CodeIgniter\Debug\Toolbar\Collectors\Database::collect(Object(CodeIgniter\Database\Query))
 7 SYSTEMPATH\Database\BaseConnection.php(649): CodeIgniter\Events\Events::trigger('DBQuery', Object(CodeIgniter\Database\Query))
 8 SYSTEMPATH\Database\BaseBuilder.php(1585): CodeIgniter\Database\BaseConnection->query('SELECT *
FROM `messages`
WHERE `messages`.`id` IN :messages.id:', [...], false)
 9 SYSTEMPATH\Model.php(177): CodeIgniter\Database\BaseBuilder->get()
10 SYSTEMPATH\BaseModel.php(523): CodeIgniter\Model->doFind(false, [...])
11 APPPATH\Models\RequestModel.php(57): CodeIgniter\BaseModel->find([...])
12 APPPATH\Controllers\ProjectController.php(160): App\Models\RequestModel->deleteAllOfProject('40')
13 SYSTEMPATH\CodeIgniter.php(904): App\Controllers\ProjectController->delete('40')
14 SYSTEMPATH\CodeIgniter.php(457): CodeIgniter\CodeIgniter->runController(Object(App\Controllers\ProjectController))
15 SYSTEMPATH\CodeIgniter.php(340): CodeIgniter\CodeIgniter->handleRequest(null, Object(Config\Cache), false)
16 FCPATH\index.php(67): CodeIgniter\CodeIgniter->run()
17 SYSTEMPATH\Commands\Server\rewrite.php(43): require_once('FCPATH\\index.php')
CRITICAL - 2022-08-22 04:11:36 --> Undefined variable $logged_user_data
in APPPATH\Views\welcome.php on line 73.
 1 APPPATH\Views\welcome.php(73): CodeIgniter\Debug\Exceptions->errorHandler(2, 'Undefined variable $logged_user_data', 'APPPATH\\Views\\welcome.php', 73)
 2 SYSTEMPATH\View\View.php(213): include('APPPATH\\Views\\welcome.php')
 3 SYSTEMPATH\View\View.php(216): CodeIgniter\View\View->CodeIgniter\View\{closure}()
 4 SYSTEMPATH\Common.php(1137): CodeIgniter\View\View->render('welcome', [], true)
 5 APPPATH\Controllers\Home.php(9): view('welcome')
 6 SYSTEMPATH\CodeIgniter.php(904): App\Controllers\Home->index()
 7 SYSTEMPATH\CodeIgniter.php(457): CodeIgniter\CodeIgniter->runController(Object(App\Controllers\Home))
 8 SYSTEMPATH\CodeIgniter.php(340): CodeIgniter\CodeIgniter->handleRequest(null, Object(Config\Cache), false)
 9 FCPATH\index.php(67): CodeIgniter\CodeIgniter->run()
10 SYSTEMPATH\Commands\Server\rewrite.php(43): require_once('FCPATH\\index.php')
CRITICAL - 2022-08-22 07:06:33 --> Call to a member function getBasename() on string
in APPPATH\Models\MessageModel.php on line 57.
 1 APPPATH\Controllers\MessageController.php(21): App\Models\MessageModel->createMessage([...])
 2 SYSTEMPATH\CodeIgniter.php(904): App\Controllers\MessageController->create('25')
 3 SYSTEMPATH\CodeIgniter.php(457): CodeIgniter\CodeIgniter->runController(Object(App\Controllers\MessageController))
 4 SYSTEMPATH\CodeIgniter.php(340): CodeIgniter\CodeIgniter->handleRequest(null, Object(Config\Cache), false)
 5 FCPATH\index.php(67): CodeIgniter\CodeIgniter->run()
 6 SYSTEMPATH\Commands\Server\rewrite.php(43): require_once('FCPATH\\index.php')
CRITICAL - 2022-08-22 07:07:31 --> Array to string conversion
in APPPATH\Models\MessageModel.php on line 58.
 1 APPPATH\Models\MessageModel.php(58): CodeIgniter\Debug\Exceptions->errorHandler(2, 'Array to string conversion', 'APPPATH\\Models\\MessageModel.php', 58)
 2 APPPATH\Controllers\MessageController.php(21): App\Models\MessageModel->createMessage([...])
 3 SYSTEMPATH\CodeIgniter.php(904): App\Controllers\MessageController->create('25')
 4 SYSTEMPATH\CodeIgniter.php(457): CodeIgniter\CodeIgniter->runController(Object(App\Controllers\MessageController))
 5 SYSTEMPATH\CodeIgniter.php(340): CodeIgniter\CodeIgniter->handleRequest(null, Object(Config\Cache), false)
 6 FCPATH\index.php(67): CodeIgniter\CodeIgniter->run()
 7 SYSTEMPATH\Commands\Server\rewrite.php(43): require_once('FCPATH\\index.php')
CRITICAL - 2022-08-22 07:15:21 --> Call to a member function hasMoved() on null
in APPPATH\Controllers\MessageController.php on line 18.
 1 SYSTEMPATH\CodeIgniter.php(904): App\Controllers\MessageController->create('25')
 2 SYSTEMPATH\CodeIgniter.php(457): CodeIgniter\CodeIgniter->runController(Object(App\Controllers\MessageController))
 3 SYSTEMPATH\CodeIgniter.php(340): CodeIgniter\CodeIgniter->handleRequest(null, Object(Config\Cache), false)
 4 FCPATH\index.php(67): CodeIgniter\CodeIgniter->run()
 5 SYSTEMPATH\Commands\Server\rewrite.php(43): require_once('FCPATH\\index.php')
CRITICAL - 2022-08-22 07:42:04 --> Call to undefined function form_open_multipart()
in APPPATH\Views\Request\request.php on line 273.
 1 SYSTEMPATH\View\View.php(213): include()
 2 SYSTEMPATH\View\View.php(216): CodeIgniter\View\View->CodeIgniter\View\{closure}()
 3 SYSTEMPATH\Common.php(1137): CodeIgniter\View\View->render('Request/request', [], true)
 4 APPPATH\Controllers\RequestController.php(72): view('Request/request', [...])
 5 SYSTEMPATH\CodeIgniter.php(904): App\Controllers\RequestController->request('25')
 6 SYSTEMPATH\CodeIgniter.php(457): CodeIgniter\CodeIgniter->runController(Object(App\Controllers\RequestController))
 7 SYSTEMPATH\CodeIgniter.php(340): CodeIgniter\CodeIgniter->handleRequest(null, Object(Config\Cache), false)
 8 FCPATH\index.php(67): CodeIgniter\CodeIgniter->run()
 9 SYSTEMPATH\Commands\Server\rewrite.php(43): require_once('FCPATH\\index.php')
CRITICAL - 2022-08-22 07:42:06 --> Call to undefined function form_open_multipart()
in APPPATH\Views\Request\request.php on line 273.
 1 SYSTEMPATH\View\View.php(213): include()
 2 SYSTEMPATH\View\View.php(216): CodeIgniter\View\View->CodeIgniter\View\{closure}()
 3 SYSTEMPATH\Common.php(1137): CodeIgniter\View\View->render('Request/request', [], true)
 4 APPPATH\Controllers\RequestController.php(72): view('Request/request', [...])
 5 SYSTEMPATH\CodeIgniter.php(904): App\Controllers\RequestController->request('25')
 6 SYSTEMPATH\CodeIgniter.php(457): CodeIgniter\CodeIgniter->runController(Object(App\Controllers\RequestController))
 7 SYSTEMPATH\CodeIgniter.php(340): CodeIgniter\CodeIgniter->handleRequest(null, Object(Config\Cache), false)
 8 FCPATH\index.php(67): CodeIgniter\CodeIgniter->run()
 9 SYSTEMPATH\Commands\Server\rewrite.php(43): require_once('FCPATH\\index.php')
CRITICAL - 2022-08-22 07:42:07 --> Call to undefined function form_open_multipart()
in APPPATH\Views\Request\request.php on line 273.
 1 SYSTEMPATH\View\View.php(213): include()
 2 SYSTEMPATH\View\View.php(216): CodeIgniter\View\View->CodeIgniter\View\{closure}()
 3 SYSTEMPATH\Common.php(1137): CodeIgniter\View\View->render('Request/request', [], true)
 4 APPPATH\Controllers\RequestController.php(72): view('Request/request', [...])
 5 SYSTEMPATH\CodeIgniter.php(904): App\Controllers\RequestController->request('25')
 6 SYSTEMPATH\CodeIgniter.php(457): CodeIgniter\CodeIgniter->runController(Object(App\Controllers\RequestController))
 7 SYSTEMPATH\CodeIgniter.php(340): CodeIgniter\CodeIgniter->handleRequest(null, Object(Config\Cache), false)
 8 FCPATH\index.php(67): CodeIgniter\CodeIgniter->run()
 9 SYSTEMPATH\Commands\Server\rewrite.php(43): require_once('FCPATH\\index.php')
CRITICAL - 2022-08-22 07:44:53 --> Undefined array key "userfile"
in APPPATH\Controllers\MessageController.php on line 16.
 1 APPPATH\Controllers\MessageController.php(16): CodeIgniter\Debug\Exceptions->errorHandler(2, 'Undefined array key "userfile"', 'APPPATH\\Controllers\\MessageController.php', 16)
 2 SYSTEMPATH\CodeIgniter.php(904): App\Controllers\MessageController->create('25')
 3 SYSTEMPATH\CodeIgniter.php(457): CodeIgniter\CodeIgniter->runController(Object(App\Controllers\MessageController))
 4 SYSTEMPATH\CodeIgniter.php(340): CodeIgniter\CodeIgniter->handleRequest(null, Object(Config\Cache), false)
 5 FCPATH\index.php(67): CodeIgniter\CodeIgniter->run()
 6 SYSTEMPATH\Commands\Server\rewrite.php(43): require_once('FCPATH\\index.php')
CRITICAL - 2022-08-22 07:45:59 --> Undefined array key "userfile"
in APPPATH\Controllers\MessageController.php on line 16.
 1 APPPATH\Controllers\MessageController.php(16): CodeIgniter\Debug\Exceptions->errorHandler(2, 'Undefined array key "userfile"', 'APPPATH\\Controllers\\MessageController.php', 16)
 2 SYSTEMPATH\CodeIgniter.php(904): App\Controllers\MessageController->create('25')
 3 SYSTEMPATH\CodeIgniter.php(457): CodeIgniter\CodeIgniter->runController(Object(App\Controllers\MessageController))
 4 SYSTEMPATH\CodeIgniter.php(340): CodeIgniter\CodeIgniter->handleRequest(null, Object(Config\Cache), false)
 5 FCPATH\index.php(67): CodeIgniter\CodeIgniter->run()
 6 SYSTEMPATH\Commands\Server\rewrite.php(43): require_once('FCPATH\\index.php')
CRITICAL - 2022-08-22 08:13:07 --> Undefined array key "message39"
in APPPATH\Views\Request\request.php on line 255.
 1 APPPATH\Views\Request\request.php(255): CodeIgniter\Debug\Exceptions->errorHandler(2, 'Undefined array key "message39"', 'APPPATH\\Views\\Request\\request.php', 255)
 2 SYSTEMPATH\View\View.php(213): include('APPPATH\\Views\\Request\\request.php')
 3 SYSTEMPATH\View\View.php(216): CodeIgniter\View\View->CodeIgniter\View\{closure}()
 4 SYSTEMPATH\Common.php(1137): CodeIgniter\View\View->render('Request/request', [], true)
 5 APPPATH\Controllers\RequestController.php(81): view('Request/request', [...])
 6 SYSTEMPATH\CodeIgniter.php(904): App\Controllers\RequestController->request('25')
 7 SYSTEMPATH\CodeIgniter.php(457): CodeIgniter\CodeIgniter->runController(Object(App\Controllers\RequestController))
 8 SYSTEMPATH\CodeIgniter.php(340): CodeIgniter\CodeIgniter->handleRequest(null, Object(Config\Cache), false)
 9 FCPATH\index.php(67): CodeIgniter\CodeIgniter->run()
10 SYSTEMPATH\Commands\Server\rewrite.php(43): require_once('FCPATH\\index.php')
CRITICAL - 2022-08-22 08:13:48 --> Cannot access offset of type string on string
in APPPATH\Views\Request\request.php on line 256.
 1 SYSTEMPATH\View\View.php(213): include()
 2 SYSTEMPATH\View\View.php(216): CodeIgniter\View\View->CodeIgniter\View\{closure}()
 3 SYSTEMPATH\Common.php(1137): CodeIgniter\View\View->render('Request/request', [], true)
 4 APPPATH\Controllers\RequestController.php(81): view('Request/request', [...])
 5 SYSTEMPATH\CodeIgniter.php(904): App\Controllers\RequestController->request('25')
 6 SYSTEMPATH\CodeIgniter.php(457): CodeIgniter\CodeIgniter->runController(Object(App\Controllers\RequestController))
 7 SYSTEMPATH\CodeIgniter.php(340): CodeIgniter\CodeIgniter->handleRequest(null, Object(Config\Cache), false)
 8 FCPATH\index.php(67): CodeIgniter\CodeIgniter->run()
 9 SYSTEMPATH\Commands\Server\rewrite.php(43): require_once('FCPATH\\index.php')
CRITICAL - 2022-08-22 08:13:49 --> Cannot access offset of type string on string
in APPPATH\Views\Request\request.php on line 256.
 1 SYSTEMPATH\View\View.php(213): include()
 2 SYSTEMPATH\View\View.php(216): CodeIgniter\View\View->CodeIgniter\View\{closure}()
 3 SYSTEMPATH\Common.php(1137): CodeIgniter\View\View->render('Request/request', [], true)
 4 APPPATH\Controllers\RequestController.php(81): view('Request/request', [...])
 5 SYSTEMPATH\CodeIgniter.php(904): App\Controllers\RequestController->request('25')
 6 SYSTEMPATH\CodeIgniter.php(457): CodeIgniter\CodeIgniter->runController(Object(App\Controllers\RequestController))
 7 SYSTEMPATH\CodeIgniter.php(340): CodeIgniter\CodeIgniter->handleRequest(null, Object(Config\Cache), false)
 8 FCPATH\index.php(67): CodeIgniter\CodeIgniter->run()
 9 SYSTEMPATH\Commands\Server\rewrite.php(43): require_once('FCPATH\\index.php')
CRITICAL - 2022-08-22 08:13:52 --> Cannot access offset of type string on string
in APPPATH\Views\Request\request.php on line 256.
 1 SYSTEMPATH\View\View.php(213): include()
 2 SYSTEMPATH\View\View.php(216): CodeIgniter\View\View->CodeIgniter\View\{closure}()
 3 SYSTEMPATH\Common.php(1137): CodeIgniter\View\View->render('Request/request', [], true)
 4 APPPATH\Controllers\RequestController.php(81): view('Request/request', [...])
 5 SYSTEMPATH\CodeIgniter.php(904): App\Controllers\RequestController->request('25')
 6 SYSTEMPATH\CodeIgniter.php(457): CodeIgniter\CodeIgniter->runController(Object(App\Controllers\RequestController))
 7 SYSTEMPATH\CodeIgniter.php(340): CodeIgniter\CodeIgniter->handleRequest(null, Object(Config\Cache), false)
 8 FCPATH\index.php(67): CodeIgniter\CodeIgniter->run()
 9 SYSTEMPATH\Commands\Server\rewrite.php(43): require_once('FCPATH\\index.php')
CRITICAL - 2022-08-22 08:33:08 --> Undefined property: App\Controllers\MessageController::$load
in APPPATH\Controllers\MessageController.php on line 36.
 1 APPPATH\Controllers\MessageController.php(36): CodeIgniter\Debug\Exceptions->errorHandler(2, 'Undefined property: App\\Controllers\\MessageController::$load', 'APPPATH\\Controllers\\MessageController.php', 36)
 2 SYSTEMPATH\CodeIgniter.php(904): App\Controllers\MessageController->downloadFile('ROOTPATH\\writable\\uploads', '20220822', '1661172981_58e5aa39f2afe60d8171.txt')
 3 SYSTEMPATH\CodeIgniter.php(457): CodeIgniter\CodeIgniter->runController(Object(App\Controllers\MessageController))
 4 SYSTEMPATH\CodeIgniter.php(340): CodeIgniter\CodeIgniter->handleRequest(null, Object(Config\Cache), false)
 5 FCPATH\index.php(67): CodeIgniter\CodeIgniter->run()
 6 SYSTEMPATH\Commands\Server\rewrite.php(43): require_once('FCPATH\\index.php')
CRITICAL - 2022-08-22 08:36:49 --> Call to a member function setFileName() on null
in APPPATH\Controllers\MessageController.php on line 40.
 1 SYSTEMPATH\CodeIgniter.php(904): App\Controllers\MessageController->downloadFile('ROOTPATH\\writable\\uploads', '20220822', '1661172981_58e5aa39f2afe60d8171.txt')
 2 SYSTEMPATH\CodeIgniter.php(457): CodeIgniter\CodeIgniter->runController(Object(App\Controllers\MessageController))
 3 SYSTEMPATH\CodeIgniter.php(340): CodeIgniter\CodeIgniter->handleRequest(null, Object(Config\Cache), false)
 4 FCPATH\index.php(67): CodeIgniter\CodeIgniter->run()
 5 SYSTEMPATH\Commands\Server\rewrite.php(43): require_once('FCPATH\\index.php')
CRITICAL - 2022-08-22 08:38:39 --> Cannot use object of type CodeIgniter\Files\File as array
in APPPATH\Controllers\MessageController.php on line 38.
 1 SYSTEMPATH\CodeIgniter.php(904): App\Controllers\MessageController->downloadFile('ROOTPATH\\writable\\uploads', '20220822', '1661172981_58e5aa39f2afe60d8171.txt')
 2 SYSTEMPATH\CodeIgniter.php(457): CodeIgniter\CodeIgniter->runController(Object(App\Controllers\MessageController))
 3 SYSTEMPATH\CodeIgniter.php(340): CodeIgniter\CodeIgniter->handleRequest(null, Object(Config\Cache), false)
 4 FCPATH\index.php(67): CodeIgniter\CodeIgniter->run()
 5 SYSTEMPATH\Commands\Server\rewrite.php(43): require_once('FCPATH\\index.php')
CRITICAL - 2022-08-22 08:48:17 --> Undefined array key "file_uri"
in APPPATH\Controllers\MessageController.php on line 38.
 1 APPPATH\Controllers\MessageController.php(38): CodeIgniter\Debug\Exceptions->errorHandler(2, 'Undefined array key "file_uri"', 'APPPATH\\Controllers\\MessageController.php', 38)
 2 SYSTEMPATH\CodeIgniter.php(904): App\Controllers\MessageController->downloadFile('ROOTPATH\\writable\\uploads', '20220822', '1661175656_0aad217a1228c629d038.txt')
 3 SYSTEMPATH\CodeIgniter.php(457): CodeIgniter\CodeIgniter->runController(Object(App\Controllers\MessageController))
 4 SYSTEMPATH\CodeIgniter.php(340): CodeIgniter\CodeIgniter->handleRequest(null, Object(Config\Cache), false)
 5 FCPATH\index.php(67): CodeIgniter\CodeIgniter->run()
 6 SYSTEMPATH\Commands\Server\rewrite.php(43): require_once('FCPATH\\index.php')
CRITICAL - 2022-08-22 08:48:41 --> Undefined array key "file_uri"
in APPPATH\Controllers\MessageController.php on line 38.
 1 APPPATH\Controllers\MessageController.php(38): CodeIgniter\Debug\Exceptions->errorHandler(2, 'Undefined array key "file_uri"', 'APPPATH\\Controllers\\MessageController.php', 38)
 2 SYSTEMPATH\CodeIgniter.php(904): App\Controllers\MessageController->downloadFile('ROOTPATH\\writable\\uploads', '20220822', '1661175656_0aad217a1228c629d038.txt')
 3 SYSTEMPATH\CodeIgniter.php(457): CodeIgniter\CodeIgniter->runController(Object(App\Controllers\MessageController))
 4 SYSTEMPATH\CodeIgniter.php(340): CodeIgniter\CodeIgniter->handleRequest(null, Object(Config\Cache), false)
 5 FCPATH\index.php(67): CodeIgniter\CodeIgniter->run()
 6 SYSTEMPATH\Commands\Server\rewrite.php(43): require_once('FCPATH\\index.php')
CRITICAL - 2022-08-22 08:50:25 --> Too few arguments to function App\Controllers\MessageController::downloadFile(), 0 passed in C:\xampp\htdocs\codeigniter\codeigniter4-CodeIgniter4-459e00e\system\CodeIgniter.php on line 904 and exactly 1 expected
in APPPATH\Controllers\MessageController.php on line 34.
 1 SYSTEMPATH\CodeIgniter.php(904): App\Controllers\MessageController->downloadFile()
 2 SYSTEMPATH\CodeIgniter.php(457): CodeIgniter\CodeIgniter->runController(Object(App\Controllers\MessageController))
 3 SYSTEMPATH\CodeIgniter.php(340): CodeIgniter\CodeIgniter->handleRequest(null, Object(Config\Cache), false)
 4 FCPATH\index.php(67): CodeIgniter\CodeIgniter->run()
 5 SYSTEMPATH\Commands\Server\rewrite.php(43): require_once('FCPATH\\index.php')
CRITICAL - 2022-08-22 08:50:34 --> Undefined array key "file_uri"
in APPPATH\Controllers\MessageController.php on line 38.
 1 APPPATH\Controllers\MessageController.php(38): CodeIgniter\Debug\Exceptions->errorHandler(2, 'Undefined array key "file_uri"', 'APPPATH\\Controllers\\MessageController.php', 38)
 2 SYSTEMPATH\CodeIgniter.php(904): App\Controllers\MessageController->downloadFile()
 3 SYSTEMPATH\CodeIgniter.php(457): CodeIgniter\CodeIgniter->runController(Object(App\Controllers\MessageController))
 4 SYSTEMPATH\CodeIgniter.php(340): CodeIgniter\CodeIgniter->handleRequest(null, Object(Config\Cache), false)
 5 FCPATH\index.php(67): CodeIgniter\CodeIgniter->run()
 6 SYSTEMPATH\Commands\Server\rewrite.php(43): require_once('FCPATH\\index.php')
CRITICAL - 2022-08-22 08:52:15 --> File not found: C:\xampp\htdocs\codeigniter\codeigniter4-CodeIgniter4-459e00e\writable\uploads/20220822/1661175656_0aad217a1228c629d038.txt
in SYSTEMPATH\Files\File.php on line 46.
 1 SYSTEMPATH\Files\File.php(46): CodeIgniter\Files\Exceptions\FileNotFoundException::forFileNotFound('ROOTPATH\\writable\\uploads/20220822/1661175656_0aad217a1228c629d038.txt')
 2 SYSTEMPATH\HTTP\DownloadResponse.php(97): CodeIgniter\Files\File->__construct('ROOTPATH\\writable\\uploads/20220822/1661175656_0aad217a1228c629d038.txt', true)
 3 SYSTEMPATH\HTTP\ResponseTrait.php(781): CodeIgniter\HTTP\DownloadResponse->setFilePath('ROOTPATH\\writable\\uploads/20220822/1661175656_0aad217a1228c629d038.txt')
 4 APPPATH\Controllers\MessageController.php(38): CodeIgniter\HTTP\Response->download('1661175656_0aad217a1228c629d038.txt', null)
 5 SYSTEMPATH\CodeIgniter.php(904): App\Controllers\MessageController->downloadFile()
 6 SYSTEMPATH\CodeIgniter.php(457): CodeIgniter\CodeIgniter->runController(Object(App\Controllers\MessageController))
 7 SYSTEMPATH\CodeIgniter.php(340): CodeIgniter\CodeIgniter->handleRequest(null, Object(Config\Cache), false)
 8 FCPATH\index.php(67): CodeIgniter\CodeIgniter->run()
 9 SYSTEMPATH\Commands\Server\rewrite.php(43): require_once('FCPATH\\index.php')
CRITICAL - 2022-08-22 09:11:26 --> File not found: C:\xampp\htdocs\codeigniter\codeigniter4-CodeIgniter4-459e00e\writable\uploads/20220822/1661175656_0aad217a1228c629d038.txt
in SYSTEMPATH\Files\File.php on line 46.
 1 SYSTEMPATH\Files\File.php(46): CodeIgniter\Files\Exceptions\FileNotFoundException::forFileNotFound('ROOTPATH\\writable\\uploads/20220822/1661175656_0aad217a1228c629d038.txt')
 2 SYSTEMPATH\HTTP\DownloadResponse.php(97): CodeIgniter\Files\File->__construct('ROOTPATH\\writable\\uploads/20220822/1661175656_0aad217a1228c629d038.txt', true)
 3 SYSTEMPATH\HTTP\ResponseTrait.php(781): CodeIgniter\HTTP\DownloadResponse->setFilePath('ROOTPATH\\writable\\uploads/20220822/1661175656_0aad217a1228c629d038.txt')
 4 APPPATH\Controllers\MessageController.php(38): CodeIgniter\HTTP\Response->download('1661175656_0aad217a1228c629d038.txt', null)
 5 SYSTEMPATH\CodeIgniter.php(904): App\Controllers\MessageController->downloadFile()
 6 SYSTEMPATH\CodeIgniter.php(457): CodeIgniter\CodeIgniter->runController(Object(App\Controllers\MessageController))
 7 SYSTEMPATH\CodeIgniter.php(340): CodeIgniter\CodeIgniter->handleRequest(null, Object(Config\Cache), false)
 8 FCPATH\index.php(67): CodeIgniter\CodeIgniter->run()
 9 SYSTEMPATH\Commands\Server\rewrite.php(43): require_once('FCPATH\\index.php')
CRITICAL - 2022-08-22 09:23:35 --> The original file is not a valid file.
in SYSTEMPATH\HTTP\Files\UploadedFile.php on line 137.
 1 SYSTEMPATH\HTTP\Files\UploadedFile.php(137): CodeIgniter\HTTP\Exceptions\HTTPException::forInvalidFile()
 2 SYSTEMPATH\HTTP\Files\UploadedFile.php(341): CodeIgniter\HTTP\Files\UploadedFile->move('ROOTPATH\\writable\\uploads\\20220822', '1661178215_563757061e1cac452d67')
 3 APPPATH\Controllers\MessageController.php(18): CodeIgniter\HTTP\Files\UploadedFile->store()
 4 SYSTEMPATH\CodeIgniter.php(904): App\Controllers\MessageController->create('25')
 5 SYSTEMPATH\CodeIgniter.php(457): CodeIgniter\CodeIgniter->runController(Object(App\Controllers\MessageController))
 6 SYSTEMPATH\CodeIgniter.php(340): CodeIgniter\CodeIgniter->handleRequest(null, Object(Config\Cache), false)
 7 FCPATH\index.php(67): CodeIgniter\CodeIgniter->run()
 8 SYSTEMPATH\Commands\Server\rewrite.php(43): require_once('FCPATH\\index.php')
CRITICAL - 2022-08-22 09:24:29 --> The original file is not a valid file.
in SYSTEMPATH\HTTP\Files\UploadedFile.php on line 137.
 1 SYSTEMPATH\HTTP\Files\UploadedFile.php(137): CodeIgniter\HTTP\Exceptions\HTTPException::forInvalidFile()
 2 SYSTEMPATH\HTTP\Files\UploadedFile.php(341): CodeIgniter\HTTP\Files\UploadedFile->move('ROOTPATH\\writable\\uploads\\20220822', '1661178269_2aeb2efb3383f7dbf2b7')
 3 APPPATH\Controllers\MessageController.php(19): CodeIgniter\HTTP\Files\UploadedFile->store()
 4 SYSTEMPATH\CodeIgniter.php(904): App\Controllers\MessageController->create('25')
 5 SYSTEMPATH\CodeIgniter.php(457): CodeIgniter\CodeIgniter->runController(Object(App\Controllers\MessageController))
 6 SYSTEMPATH\CodeIgniter.php(340): CodeIgniter\CodeIgniter->handleRequest(null, Object(Config\Cache), false)
 7 FCPATH\index.php(67): CodeIgniter\CodeIgniter->run()
 8 SYSTEMPATH\Commands\Server\rewrite.php(43): require_once('FCPATH\\index.php')
CRITICAL - 2022-08-22 09:24:44 --> The original file is not a valid file.
in SYSTEMPATH\HTTP\Files\UploadedFile.php on line 137.
 1 SYSTEMPATH\HTTP\Files\UploadedFile.php(137): CodeIgniter\HTTP\Exceptions\HTTPException::forInvalidFile()
 2 SYSTEMPATH\HTTP\Files\UploadedFile.php(341): CodeIgniter\HTTP\Files\UploadedFile->move('ROOTPATH\\writable\\uploads\\20220822', '1661178284_17dba6da1bdc50689055')
 3 APPPATH\Controllers\MessageController.php(19): CodeIgniter\HTTP\Files\UploadedFile->store()
 4 SYSTEMPATH\CodeIgniter.php(904): App\Controllers\MessageController->create('25')
 5 SYSTEMPATH\CodeIgniter.php(457): CodeIgniter\CodeIgniter->runController(Object(App\Controllers\MessageController))
 6 SYSTEMPATH\CodeIgniter.php(340): CodeIgniter\CodeIgniter->handleRequest(null, Object(Config\Cache), false)
 7 FCPATH\index.php(67): CodeIgniter\CodeIgniter->run()
 8 SYSTEMPATH\Commands\Server\rewrite.php(43): require_once('FCPATH\\index.php')
CRITICAL - 2022-08-22 09:29:42 --> The original file is not a valid file.
in SYSTEMPATH\HTTP\Files\UploadedFile.php on line 137.
 1 SYSTEMPATH\HTTP\Files\UploadedFile.php(137): CodeIgniter\HTTP\Exceptions\HTTPException::forInvalidFile()
 2 SYSTEMPATH\HTTP\Files\UploadedFile.php(341): CodeIgniter\HTTP\Files\UploadedFile->move('ROOTPATH\\writable\\uploads\\20220822', '1661178582_6cba85f5715077ab837c')
 3 APPPATH\Controllers\MessageController.php(19): CodeIgniter\HTTP\Files\UploadedFile->store()
 4 SYSTEMPATH\CodeIgniter.php(904): App\Controllers\MessageController->create('25')
 5 SYSTEMPATH\CodeIgniter.php(457): CodeIgniter\CodeIgniter->runController(Object(App\Controllers\MessageController))
 6 SYSTEMPATH\CodeIgniter.php(340): CodeIgniter\CodeIgniter->handleRequest(null, Object(Config\Cache), false)
 7 FCPATH\index.php(67): CodeIgniter\CodeIgniter->run()
 8 SYSTEMPATH\Commands\Server\rewrite.php(43): require_once('FCPATH\\index.php')
CRITICAL - 2022-08-22 09:33:02 --> The original file is not a valid file.
in SYSTEMPATH\HTTP\Files\UploadedFile.php on line 137.
 1 SYSTEMPATH\HTTP\Files\UploadedFile.php(137): CodeIgniter\HTTP\Exceptions\HTTPException::forInvalidFile()
 2 SYSTEMPATH\HTTP\Files\UploadedFile.php(341): CodeIgniter\HTTP\Files\UploadedFile->move('ROOTPATH\\writable\\uploads\\20220822', '1661178782_b499f908d51fd9c94ba3')
 3 APPPATH\Controllers\MessageController.php(19): CodeIgniter\HTTP\Files\UploadedFile->store()
 4 SYSTEMPATH\CodeIgniter.php(904): App\Controllers\MessageController->create('25')
 5 SYSTEMPATH\CodeIgniter.php(457): CodeIgniter\CodeIgniter->runController(Object(App\Controllers\MessageController))
 6 SYSTEMPATH\CodeIgniter.php(340): CodeIgniter\CodeIgniter->handleRequest(null, Object(Config\Cache), false)
 7 FCPATH\index.php(67): CodeIgniter\CodeIgniter->run()
 8 SYSTEMPATH\Commands\Server\rewrite.php(43): require_once('FCPATH\\index.php')
CRITICAL - 2022-08-22 09:36:14 --> The original file is not a valid file.
in SYSTEMPATH\HTTP\Files\UploadedFile.php on line 137.
 1 SYSTEMPATH\HTTP\Files\UploadedFile.php(137): CodeIgniter\HTTP\Exceptions\HTTPException::forInvalidFile()
 2 SYSTEMPATH\HTTP\Files\UploadedFile.php(341): CodeIgniter\HTTP\Files\UploadedFile->move('ROOTPATH\\writable\\uploads\\20220822', '1661178974_01876c117c4625da897f')
 3 APPPATH\Controllers\MessageController.php(19): CodeIgniter\HTTP\Files\UploadedFile->store()
 4 SYSTEMPATH\CodeIgniter.php(904): App\Controllers\MessageController->create('25')
 5 SYSTEMPATH\CodeIgniter.php(457): CodeIgniter\CodeIgniter->runController(Object(App\Controllers\MessageController))
 6 SYSTEMPATH\CodeIgniter.php(340): CodeIgniter\CodeIgniter->handleRequest(null, Object(Config\Cache), false)
 7 FCPATH\index.php(67): CodeIgniter\CodeIgniter->run()
 8 SYSTEMPATH\Commands\Server\rewrite.php(43): require_once('FCPATH\\index.php')
CRITICAL - 2022-08-22 09:37:15 --> The original file is not a valid file.
in SYSTEMPATH\HTTP\Files\UploadedFile.php on line 137.
 1 SYSTEMPATH\HTTP\Files\UploadedFile.php(137): CodeIgniter\HTTP\Exceptions\HTTPException::forInvalidFile()
 2 SYSTEMPATH\HTTP\Files\UploadedFile.php(341): CodeIgniter\HTTP\Files\UploadedFile->move('ROOTPATH\\writable\\uploads\\20220822', '1661179035_93cbe46dba354e37c855')
 3 APPPATH\Controllers\MessageController.php(19): CodeIgniter\HTTP\Files\UploadedFile->store()
 4 SYSTEMPATH\CodeIgniter.php(904): App\Controllers\MessageController->create('25')
 5 SYSTEMPATH\CodeIgniter.php(457): CodeIgniter\CodeIgniter->runController(Object(App\Controllers\MessageController))
 6 SYSTEMPATH\CodeIgniter.php(340): CodeIgniter\CodeIgniter->handleRequest(null, Object(Config\Cache), false)
 7 FCPATH\index.php(67): CodeIgniter\CodeIgniter->run()
 8 SYSTEMPATH\Commands\Server\rewrite.php(43): require_once('FCPATH\\index.php')
CRITICAL - 2022-08-22 09:40:21 --> The original file is not a valid file.
in SYSTEMPATH\HTTP\Files\UploadedFile.php on line 137.
 1 SYSTEMPATH\HTTP\Files\UploadedFile.php(137): CodeIgniter\HTTP\Exceptions\HTTPException::forInvalidFile()
 2 SYSTEMPATH\HTTP\Files\UploadedFile.php(341): CodeIgniter\HTTP\Files\UploadedFile->move('ROOTPATH\\writable\\uploads\\20220822', '1661179221_f5cf20f4f83a4ba3a241')
 3 APPPATH\Controllers\MessageController.php(19): CodeIgniter\HTTP\Files\UploadedFile->store()
 4 SYSTEMPATH\CodeIgniter.php(904): App\Controllers\MessageController->create('25')
 5 SYSTEMPATH\CodeIgniter.php(457): CodeIgniter\CodeIgniter->runController(Object(App\Controllers\MessageController))
 6 SYSTEMPATH\CodeIgniter.php(340): CodeIgniter\CodeIgniter->handleRequest(null, Object(Config\Cache), false)
 7 FCPATH\index.php(67): CodeIgniter\CodeIgniter->run()
 8 SYSTEMPATH\Commands\Server\rewrite.php(43): require_once('FCPATH\\index.php')
