CRITICAL - 2022-08-24 02:08:16 --> Undefined array key ""
in APPPATH\Views\Employee\projects.php on line 229.
 1 APPPATH\Views\Employee\projects.php(229): CodeIgniter\Debug\Exceptions->errorHandler(2, 'Undefined array key ""', 'APPPATH\\Views\\Employee\\projects.php', 229)
 2 SYSTEMPATH\View\View.php(213): include('APPPATH\\Views\\Employee\\projects.php')
 3 SYSTEMPATH\View\View.php(216): CodeIgniter\View\View->CodeIgniter\View\{closure}()
 4 SYSTEMPATH\Common.php(1137): CodeIgniter\View\View->render('Employee/projects', [], true)
 5 APPPATH\Controllers\EmployeeController.php(44): view('Employee/projects', [...])
 6 SYSTEMPATH\CodeIgniter.php(904): App\Controllers\EmployeeController->projects()
 7 SYSTEMPATH\CodeIgniter.php(457): CodeIgniter\CodeIgniter->runController(Object(App\Controllers\EmployeeController))
 8 SYSTEMPATH\CodeIgniter.php(340): CodeIgniter\CodeIgniter->handleRequest(null, Object(Config\Cache), false)
 9 FCPATH\index.php(67): CodeIgniter\CodeIgniter->run()
10 SYSTEMPATH\Commands\Server\rewrite.php(43): require_once('FCPATH\\index.php')
CRITICAL - 2022-08-24 02:08:32 --> Undefined array key "estimated_time"
in APPPATH\Views\Employee\projects.php on line 229.
 1 APPPATH\Views\Employee\projects.php(229): CodeIgniter\Debug\Exceptions->errorHandler(2, 'Undefined array key "estimated_time"', 'APPPATH\\Views\\Employee\\projects.php', 229)
 2 SYSTEMPATH\View\View.php(213): include('APPPATH\\Views\\Employee\\projects.php')
 3 SYSTEMPATH\View\View.php(216): CodeIgniter\View\View->CodeIgniter\View\{closure}()
 4 SYSTEMPATH\Common.php(1137): CodeIgniter\View\View->render('Employee/projects', [], true)
 5 APPPATH\Controllers\EmployeeController.php(44): view('Employee/projects', [...])
 6 SYSTEMPATH\CodeIgniter.php(904): App\Controllers\EmployeeController->projects()
 7 SYSTEMPATH\CodeIgniter.php(457): CodeIgniter\CodeIgniter->runController(Object(App\Controllers\EmployeeController))
 8 SYSTEMPATH\CodeIgniter.php(340): CodeIgniter\CodeIgniter->handleRequest(null, Object(Config\Cache), false)
 9 FCPATH\index.php(67): CodeIgniter\CodeIgniter->run()
10 SYSTEMPATH\Commands\Server\rewrite.php(43): require_once('FCPATH\\index.php')
CRITICAL - 2022-08-24 02:08:37 --> Undefined array key "estimated_time"
in APPPATH\Views\Employee\projects.php on line 229.
 1 APPPATH\Views\Employee\projects.php(229): CodeIgniter\Debug\Exceptions->errorHandler(2, 'Undefined array key "estimated_time"', 'APPPATH\\Views\\Employee\\projects.php', 229)
 2 SYSTEMPATH\View\View.php(213): include('APPPATH\\Views\\Employee\\projects.php')
 3 SYSTEMPATH\View\View.php(216): CodeIgniter\View\View->CodeIgniter\View\{closure}()
 4 SYSTEMPATH\Common.php(1137): CodeIgniter\View\View->render('Employee/projects', [], true)
 5 APPPATH\Controllers\EmployeeController.php(44): view('Employee/projects', [...])
 6 SYSTEMPATH\CodeIgniter.php(904): App\Controllers\EmployeeController->projects()
 7 SYSTEMPATH\CodeIgniter.php(457): CodeIgniter\CodeIgniter->runController(Object(App\Controllers\EmployeeController))
 8 SYSTEMPATH\CodeIgniter.php(340): CodeIgniter\CodeIgniter->handleRequest(null, Object(Config\Cache), false)
 9 FCPATH\index.php(67): CodeIgniter\CodeIgniter->run()
10 SYSTEMPATH\Commands\Server\rewrite.php(43): require_once('FCPATH\\index.php')
ERROR - 2022-08-24 02:18:36 --> mysqli_sql_exception: Unknown table 'ci4_app_db.projects' in C:\xampp\htdocs\codeigniter\codeigniter4-CodeIgniter4-459e00e\system\Database\MySQLi\Connection.php:292
Stack trace:
#0 C:\xampp\htdocs\codeigniter\codeigniter4-CodeIgniter4-459e00e\system\Database\MySQLi\Connection.php(292): mysqli->query('DROP TABLE `pro...', 0)
#1 C:\xampp\htdocs\codeigniter\codeigniter4-CodeIgniter4-459e00e\system\Database\BaseConnection.php(693): CodeIgniter\Database\MySQLi\Connection->execute('DROP TABLE `pro...')
#2 C:\xampp\htdocs\codeigniter\codeigniter4-CodeIgniter4-459e00e\system\Database\BaseConnection.php(620): CodeIgniter\Database\BaseConnection->simpleQuery('DROP TABLE `pro...')
#3 C:\xampp\htdocs\codeigniter\codeigniter4-CodeIgniter4-459e00e\system\Database\Forge.php(600): CodeIgniter\Database\BaseConnection->query('DROP TABLE `pro...')
#4 C:\xampp\htdocs\codeigniter\codeigniter4-CodeIgniter4-459e00e\app\Database\Migrations\2022-08-16-111124_ProjectMigration.php(56): CodeIgniter\Database\Forge->dropTable('projects')
#5 C:\xampp\htdocs\codeigniter\codeigniter4-CodeIgniter4-459e00e\system\Database\MigrationRunner.php(868): App\Database\Migrations\ProjectMigration->down()
#6 C:\xampp\htdocs\codeigniter\codeigniter4-CodeIgniter4-459e00e\system\Database\MigrationRunner.php(298): CodeIgniter\Database\MigrationRunner->migrate('down', Object(stdClass))
#7 C:\xampp\htdocs\codeigniter\codeigniter4-CodeIgniter4-459e00e\system\Commands\Database\MigrateRollback.php(92): CodeIgniter\Database\MigrationRunner->regress(0)
#8 C:\xampp\htdocs\codeigniter\codeigniter4-CodeIgniter4-459e00e\system\CLI\Commands.php(63): CodeIgniter\Commands\Database\MigrateRollback->run(Array)
#9 C:\xampp\htdocs\codeigniter\codeigniter4-CodeIgniter4-459e00e\system\CLI\BaseCommand.php(112): CodeIgniter\CLI\Commands->run('migrate:rollbac...', Array)
#10 C:\xampp\htdocs\codeigniter\codeigniter4-CodeIgniter4-459e00e\system\Commands\Database\MigrateRefresh.php(84): CodeIgniter\CLI\BaseCommand->call('migrate:rollbac...', Array)
#11 C:\xampp\htdocs\codeigniter\codeigniter4-CodeIgniter4-459e00e\system\CLI\Commands.php(63): CodeIgniter\Commands\Database\MigrateRefresh->run(Array)
#12 C:\xampp\htdocs\codeigniter\codeigniter4-CodeIgniter4-459e00e\system\CLI\CommandRunner.php(65): CodeIgniter\CLI\Commands->run('migrate:refresh', Array)
#13 C:\xampp\htdocs\codeigniter\codeigniter4-CodeIgniter4-459e00e\system\CLI\CommandRunner.php(51): CodeIgniter\CLI\CommandRunner->index(Array)
#14 C:\xampp\htdocs\codeigniter\codeigniter4-CodeIgniter4-459e00e\system\CodeIgniter.php(897): CodeIgniter\CLI\CommandRunner->_remap('index', Array)
#15 C:\xampp\htdocs\codeigniter\codeigniter4-CodeIgniter4-459e00e\system\CodeIgniter.php(457): CodeIgniter\CodeIgniter->runController(Object(CodeIgniter\CLI\CommandRunner))
#16 C:\xampp\htdocs\codeigniter\codeigniter4-CodeIgniter4-459e00e\system\CodeIgniter.php(336): CodeIgniter\CodeIgniter->handleRequest(NULL, Object(Config\Cache), false)
#17 C:\xampp\htdocs\codeigniter\codeigniter4-CodeIgniter4-459e00e\system\CLI\Console.php(48): CodeIgniter\CodeIgniter->run()
#18 C:\xampp\htdocs\codeigniter\codeigniter4-CodeIgniter4-459e00e\spark(98): CodeIgniter\CLI\Console->run()
#19 {main}
ERROR - 2022-08-24 02:24:47 --> mysqli_sql_exception: Unknown table 'ci4_app_db.projects' in C:\xampp\htdocs\codeigniter\codeigniter4-CodeIgniter4-459e00e\system\Database\MySQLi\Connection.php:292
Stack trace:
#0 C:\xampp\htdocs\codeigniter\codeigniter4-CodeIgniter4-459e00e\system\Database\MySQLi\Connection.php(292): mysqli->query('DROP TABLE `pro...', 0)
#1 C:\xampp\htdocs\codeigniter\codeigniter4-CodeIgniter4-459e00e\system\Database\BaseConnection.php(693): CodeIgniter\Database\MySQLi\Connection->execute('DROP TABLE `pro...')
#2 C:\xampp\htdocs\codeigniter\codeigniter4-CodeIgniter4-459e00e\system\Database\BaseConnection.php(620): CodeIgniter\Database\BaseConnection->simpleQuery('DROP TABLE `pro...')
#3 C:\xampp\htdocs\codeigniter\codeigniter4-CodeIgniter4-459e00e\system\Database\Forge.php(600): CodeIgniter\Database\BaseConnection->query('DROP TABLE `pro...')
#4 C:\xampp\htdocs\codeigniter\codeigniter4-CodeIgniter4-459e00e\app\Database\Migrations\2022-08-16-111124_ProjectMigration.php(56): CodeIgniter\Database\Forge->dropTable('projects')
#5 C:\xampp\htdocs\codeigniter\codeigniter4-CodeIgniter4-459e00e\system\Database\MigrationRunner.php(868): App\Database\Migrations\ProjectMigration->down()
#6 C:\xampp\htdocs\codeigniter\codeigniter4-CodeIgniter4-459e00e\system\Database\MigrationRunner.php(298): CodeIgniter\Database\MigrationRunner->migrate('down', Object(stdClass))
#7 C:\xampp\htdocs\codeigniter\codeigniter4-CodeIgniter4-459e00e\system\Commands\Database\MigrateRollback.php(92): CodeIgniter\Database\MigrationRunner->regress(0)
#8 C:\xampp\htdocs\codeigniter\codeigniter4-CodeIgniter4-459e00e\system\CLI\Commands.php(63): CodeIgniter\Commands\Database\MigrateRollback->run(Array)
#9 C:\xampp\htdocs\codeigniter\codeigniter4-CodeIgniter4-459e00e\system\CLI\BaseCommand.php(112): CodeIgniter\CLI\Commands->run('migrate:rollbac...', Array)
#10 C:\xampp\htdocs\codeigniter\codeigniter4-CodeIgniter4-459e00e\system\Commands\Database\MigrateRefresh.php(84): CodeIgniter\CLI\BaseCommand->call('migrate:rollbac...', Array)
#11 C:\xampp\htdocs\codeigniter\codeigniter4-CodeIgniter4-459e00e\system\CLI\Commands.php(63): CodeIgniter\Commands\Database\MigrateRefresh->run(Array)
#12 C:\xampp\htdocs\codeigniter\codeigniter4-CodeIgniter4-459e00e\system\CLI\CommandRunner.php(65): CodeIgniter\CLI\Commands->run('migrate:refresh', Array)
#13 C:\xampp\htdocs\codeigniter\codeigniter4-CodeIgniter4-459e00e\system\CLI\CommandRunner.php(51): CodeIgniter\CLI\CommandRunner->index(Array)
#14 C:\xampp\htdocs\codeigniter\codeigniter4-CodeIgniter4-459e00e\system\CodeIgniter.php(897): CodeIgniter\CLI\CommandRunner->_remap('index', Array)
#15 C:\xampp\htdocs\codeigniter\codeigniter4-CodeIgniter4-459e00e\system\CodeIgniter.php(457): CodeIgniter\CodeIgniter->runController(Object(CodeIgniter\CLI\CommandRunner))
#16 C:\xampp\htdocs\codeigniter\codeigniter4-CodeIgniter4-459e00e\system\CodeIgniter.php(336): CodeIgniter\CodeIgniter->handleRequest(NULL, Object(Config\Cache), false)
#17 C:\xampp\htdocs\codeigniter\codeigniter4-CodeIgniter4-459e00e\system\CLI\Console.php(48): CodeIgniter\CodeIgniter->run()
#18 C:\xampp\htdocs\codeigniter\codeigniter4-CodeIgniter4-459e00e\spark(98): CodeIgniter\CLI\Console->run()
#19 {main}
CRITICAL - 2022-08-24 02:30:05 --> Undefined array key "estimated_time"
in APPPATH\Views\Employee\projects.php on line 228.
 1 APPPATH\Views\Employee\projects.php(228): CodeIgniter\Debug\Exceptions->errorHandler(2, 'Undefined array key "estimated_time"', 'APPPATH\\Views\\Employee\\projects.php', 228)
 2 SYSTEMPATH\View\View.php(213): include('APPPATH\\Views\\Employee\\projects.php')
 3 SYSTEMPATH\View\View.php(216): CodeIgniter\View\View->CodeIgniter\View\{closure}()
 4 SYSTEMPATH\Common.php(1137): CodeIgniter\View\View->render('Employee/projects', [], true)
 5 APPPATH\Controllers\EmployeeController.php(44): view('Employee/projects', [...])
 6 SYSTEMPATH\CodeIgniter.php(904): App\Controllers\EmployeeController->projects()
 7 SYSTEMPATH\CodeIgniter.php(457): CodeIgniter\CodeIgniter->runController(Object(App\Controllers\EmployeeController))
 8 SYSTEMPATH\CodeIgniter.php(340): CodeIgniter\CodeIgniter->handleRequest(null, Object(Config\Cache), false)
 9 FCPATH\index.php(67): CodeIgniter\CodeIgniter->run()
10 SYSTEMPATH\Commands\Server\rewrite.php(43): require_once('FCPATH\\index.php')
CRITICAL - 2022-08-24 02:30:26 --> Undefined array key "estimated_time"
in APPPATH\Views\Employee\projects.php on line 228.
 1 APPPATH\Views\Employee\projects.php(228): CodeIgniter\Debug\Exceptions->errorHandler(2, 'Undefined array key "estimated_time"', 'APPPATH\\Views\\Employee\\projects.php', 228)
 2 SYSTEMPATH\View\View.php(213): include('APPPATH\\Views\\Employee\\projects.php')
 3 SYSTEMPATH\View\View.php(216): CodeIgniter\View\View->CodeIgniter\View\{closure}()
 4 SYSTEMPATH\Common.php(1137): CodeIgniter\View\View->render('Employee/projects', [], true)
 5 APPPATH\Controllers\EmployeeController.php(44): view('Employee/projects', [...])
 6 SYSTEMPATH\CodeIgniter.php(904): App\Controllers\EmployeeController->projects()
 7 SYSTEMPATH\CodeIgniter.php(457): CodeIgniter\CodeIgniter->runController(Object(App\Controllers\EmployeeController))
 8 SYSTEMPATH\CodeIgniter.php(340): CodeIgniter\CodeIgniter->handleRequest(null, Object(Config\Cache), false)
 9 FCPATH\index.php(67): CodeIgniter\CodeIgniter->run()
10 SYSTEMPATH\Commands\Server\rewrite.php(43): require_once('FCPATH\\index.php')
CRITICAL - 2022-08-24 02:31:07 --> Undefined array key "estimated_time"
in APPPATH\Views\Employee\projects.php on line 228.
 1 APPPATH\Views\Employee\projects.php(228): CodeIgniter\Debug\Exceptions->errorHandler(2, 'Undefined array key "estimated_time"', 'APPPATH\\Views\\Employee\\projects.php', 228)
 2 SYSTEMPATH\View\View.php(213): include('APPPATH\\Views\\Employee\\projects.php')
 3 SYSTEMPATH\View\View.php(216): CodeIgniter\View\View->CodeIgniter\View\{closure}()
 4 SYSTEMPATH\Common.php(1137): CodeIgniter\View\View->render('Employee/projects', [], true)
 5 APPPATH\Controllers\EmployeeController.php(44): view('Employee/projects', [...])
 6 SYSTEMPATH\CodeIgniter.php(904): App\Controllers\EmployeeController->projects()
 7 SYSTEMPATH\CodeIgniter.php(457): CodeIgniter\CodeIgniter->runController(Object(App\Controllers\EmployeeController))
 8 SYSTEMPATH\CodeIgniter.php(340): CodeIgniter\CodeIgniter->handleRequest(null, Object(Config\Cache), false)
 9 FCPATH\index.php(67): CodeIgniter\CodeIgniter->run()
10 SYSTEMPATH\Commands\Server\rewrite.php(43): require_once('FCPATH\\index.php')
CRITICAL - 2022-08-24 02:31:28 --> Undefined array key "estimated_time"
in APPPATH\Views\Employee\projects.php on line 228.
 1 APPPATH\Views\Employee\projects.php(228): CodeIgniter\Debug\Exceptions->errorHandler(2, 'Undefined array key "estimated_time"', 'APPPATH\\Views\\Employee\\projects.php', 228)
 2 SYSTEMPATH\View\View.php(213): include('APPPATH\\Views\\Employee\\projects.php')
 3 SYSTEMPATH\View\View.php(216): CodeIgniter\View\View->CodeIgniter\View\{closure}()
 4 SYSTEMPATH\Common.php(1137): CodeIgniter\View\View->render('Employee/projects', [], true)
 5 APPPATH\Controllers\EmployeeController.php(44): view('Employee/projects', [...])
 6 SYSTEMPATH\CodeIgniter.php(904): App\Controllers\EmployeeController->projects()
 7 SYSTEMPATH\CodeIgniter.php(457): CodeIgniter\CodeIgniter->runController(Object(App\Controllers\EmployeeController))
 8 SYSTEMPATH\CodeIgniter.php(340): CodeIgniter\CodeIgniter->handleRequest(null, Object(Config\Cache), false)
 9 FCPATH\index.php(67): CodeIgniter\CodeIgniter->run()
10 SYSTEMPATH\Commands\Server\rewrite.php(43): require_once('FCPATH\\index.php')
CRITICAL - 2022-08-24 02:32:19 --> Undefined array key "estimated_time"
in APPPATH\Views\Employee\projects.php on line 228.
 1 APPPATH\Views\Employee\projects.php(228): CodeIgniter\Debug\Exceptions->errorHandler(2, 'Undefined array key "estimated_time"', 'APPPATH\\Views\\Employee\\projects.php', 228)
 2 SYSTEMPATH\View\View.php(213): include('APPPATH\\Views\\Employee\\projects.php')
 3 SYSTEMPATH\View\View.php(216): CodeIgniter\View\View->CodeIgniter\View\{closure}()
 4 SYSTEMPATH\Common.php(1137): CodeIgniter\View\View->render('Employee/projects', [], true)
 5 APPPATH\Controllers\EmployeeController.php(44): view('Employee/projects', [...])
 6 SYSTEMPATH\CodeIgniter.php(904): App\Controllers\EmployeeController->projects()
 7 SYSTEMPATH\CodeIgniter.php(457): CodeIgniter\CodeIgniter->runController(Object(App\Controllers\EmployeeController))
 8 SYSTEMPATH\CodeIgniter.php(340): CodeIgniter\CodeIgniter->handleRequest(null, Object(Config\Cache), false)
 9 FCPATH\index.php(67): CodeIgniter\CodeIgniter->run()
10 SYSTEMPATH\Commands\Server\rewrite.php(43): require_once('FCPATH\\index.php')
CRITICAL - 2022-08-24 02:32:20 --> Undefined array key "estimated_time"
in APPPATH\Views\Employee\projects.php on line 228.
 1 APPPATH\Views\Employee\projects.php(228): CodeIgniter\Debug\Exceptions->errorHandler(2, 'Undefined array key "estimated_time"', 'APPPATH\\Views\\Employee\\projects.php', 228)
 2 SYSTEMPATH\View\View.php(213): include('APPPATH\\Views\\Employee\\projects.php')
 3 SYSTEMPATH\View\View.php(216): CodeIgniter\View\View->CodeIgniter\View\{closure}()
 4 SYSTEMPATH\Common.php(1137): CodeIgniter\View\View->render('Employee/projects', [], true)
 5 APPPATH\Controllers\EmployeeController.php(44): view('Employee/projects', [...])
 6 SYSTEMPATH\CodeIgniter.php(904): App\Controllers\EmployeeController->projects()
 7 SYSTEMPATH\CodeIgniter.php(457): CodeIgniter\CodeIgniter->runController(Object(App\Controllers\EmployeeController))
 8 SYSTEMPATH\CodeIgniter.php(340): CodeIgniter\CodeIgniter->handleRequest(null, Object(Config\Cache), false)
 9 FCPATH\index.php(67): CodeIgniter\CodeIgniter->run()
10 SYSTEMPATH\Commands\Server\rewrite.php(43): require_once('FCPATH\\index.php')
CRITICAL - 2022-08-24 02:32:20 --> Undefined array key "estimated_time"
in APPPATH\Views\Employee\projects.php on line 228.
 1 APPPATH\Views\Employee\projects.php(228): CodeIgniter\Debug\Exceptions->errorHandler(2, 'Undefined array key "estimated_time"', 'APPPATH\\Views\\Employee\\projects.php', 228)
 2 SYSTEMPATH\View\View.php(213): include('APPPATH\\Views\\Employee\\projects.php')
 3 SYSTEMPATH\View\View.php(216): CodeIgniter\View\View->CodeIgniter\View\{closure}()
 4 SYSTEMPATH\Common.php(1137): CodeIgniter\View\View->render('Employee/projects', [], true)
 5 APPPATH\Controllers\EmployeeController.php(44): view('Employee/projects', [...])
 6 SYSTEMPATH\CodeIgniter.php(904): App\Controllers\EmployeeController->projects()
 7 SYSTEMPATH\CodeIgniter.php(457): CodeIgniter\CodeIgniter->runController(Object(App\Controllers\EmployeeController))
 8 SYSTEMPATH\CodeIgniter.php(340): CodeIgniter\CodeIgniter->handleRequest(null, Object(Config\Cache), false)
 9 FCPATH\index.php(67): CodeIgniter\CodeIgniter->run()
10 SYSTEMPATH\Commands\Server\rewrite.php(43): require_once('FCPATH\\index.php')
CRITICAL - 2022-08-24 02:32:20 --> Undefined array key "estimated_time"
in APPPATH\Views\Employee\projects.php on line 228.
 1 APPPATH\Views\Employee\projects.php(228): CodeIgniter\Debug\Exceptions->errorHandler(2, 'Undefined array key "estimated_time"', 'APPPATH\\Views\\Employee\\projects.php', 228)
 2 SYSTEMPATH\View\View.php(213): include('APPPATH\\Views\\Employee\\projects.php')
 3 SYSTEMPATH\View\View.php(216): CodeIgniter\View\View->CodeIgniter\View\{closure}()
 4 SYSTEMPATH\Common.php(1137): CodeIgniter\View\View->render('Employee/projects', [], true)
 5 APPPATH\Controllers\EmployeeController.php(44): view('Employee/projects', [...])
 6 SYSTEMPATH\CodeIgniter.php(904): App\Controllers\EmployeeController->projects()
 7 SYSTEMPATH\CodeIgniter.php(457): CodeIgniter\CodeIgniter->runController(Object(App\Controllers\EmployeeController))
 8 SYSTEMPATH\CodeIgniter.php(340): CodeIgniter\CodeIgniter->handleRequest(null, Object(Config\Cache), false)
 9 FCPATH\index.php(67): CodeIgniter\CodeIgniter->run()
10 SYSTEMPATH\Commands\Server\rewrite.php(43): require_once('FCPATH\\index.php')
CRITICAL - 2022-08-24 02:32:20 --> Undefined array key "estimated_time"
in APPPATH\Views\Employee\projects.php on line 228.
 1 APPPATH\Views\Employee\projects.php(228): CodeIgniter\Debug\Exceptions->errorHandler(2, 'Undefined array key "estimated_time"', 'APPPATH\\Views\\Employee\\projects.php', 228)
 2 SYSTEMPATH\View\View.php(213): include('APPPATH\\Views\\Employee\\projects.php')
 3 SYSTEMPATH\View\View.php(216): CodeIgniter\View\View->CodeIgniter\View\{closure}()
 4 SYSTEMPATH\Common.php(1137): CodeIgniter\View\View->render('Employee/projects', [], true)
 5 APPPATH\Controllers\EmployeeController.php(44): view('Employee/projects', [...])
 6 SYSTEMPATH\CodeIgniter.php(904): App\Controllers\EmployeeController->projects()
 7 SYSTEMPATH\CodeIgniter.php(457): CodeIgniter\CodeIgniter->runController(Object(App\Controllers\EmployeeController))
 8 SYSTEMPATH\CodeIgniter.php(340): CodeIgniter\CodeIgniter->handleRequest(null, Object(Config\Cache), false)
 9 FCPATH\index.php(67): CodeIgniter\CodeIgniter->run()
10 SYSTEMPATH\Commands\Server\rewrite.php(43): require_once('FCPATH\\index.php')
CRITICAL - 2022-08-24 02:32:21 --> Undefined array key "estimated_time"
in APPPATH\Views\Employee\projects.php on line 228.
 1 APPPATH\Views\Employee\projects.php(228): CodeIgniter\Debug\Exceptions->errorHandler(2, 'Undefined array key "estimated_time"', 'APPPATH\\Views\\Employee\\projects.php', 228)
 2 SYSTEMPATH\View\View.php(213): include('APPPATH\\Views\\Employee\\projects.php')
 3 SYSTEMPATH\View\View.php(216): CodeIgniter\View\View->CodeIgniter\View\{closure}()
 4 SYSTEMPATH\Common.php(1137): CodeIgniter\View\View->render('Employee/projects', [], true)
 5 APPPATH\Controllers\EmployeeController.php(44): view('Employee/projects', [...])
 6 SYSTEMPATH\CodeIgniter.php(904): App\Controllers\EmployeeController->projects()
 7 SYSTEMPATH\CodeIgniter.php(457): CodeIgniter\CodeIgniter->runController(Object(App\Controllers\EmployeeController))
 8 SYSTEMPATH\CodeIgniter.php(340): CodeIgniter\CodeIgniter->handleRequest(null, Object(Config\Cache), false)
 9 FCPATH\index.php(67): CodeIgniter\CodeIgniter->run()
10 SYSTEMPATH\Commands\Server\rewrite.php(43): require_once('FCPATH\\index.php')
CRITICAL - 2022-08-24 02:33:12 --> Trying to access array offset on value of type null
in APPPATH\Views\Employee\projects.php on line 220.
 1 APPPATH\Views\Employee\projects.php(220): CodeIgniter\Debug\Exceptions->errorHandler(2, 'Trying to access array offset on value of type null', 'APPPATH\\Views\\Employee\\projects.php', 220)
 2 SYSTEMPATH\View\View.php(213): include('APPPATH\\Views\\Employee\\projects.php')
 3 SYSTEMPATH\View\View.php(216): CodeIgniter\View\View->CodeIgniter\View\{closure}()
 4 SYSTEMPATH\Common.php(1137): CodeIgniter\View\View->render('Employee/projects', [], true)
 5 APPPATH\Controllers\EmployeeController.php(44): view('Employee/projects', [...])
 6 SYSTEMPATH\CodeIgniter.php(904): App\Controllers\EmployeeController->projects()
 7 SYSTEMPATH\CodeIgniter.php(457): CodeIgniter\CodeIgniter->runController(Object(App\Controllers\EmployeeController))
 8 SYSTEMPATH\CodeIgniter.php(340): CodeIgniter\CodeIgniter->handleRequest(null, Object(Config\Cache), false)
 9 FCPATH\index.php(67): CodeIgniter\CodeIgniter->run()
10 SYSTEMPATH\Commands\Server\rewrite.php(43): require_once('FCPATH\\index.php')
CRITICAL - 2022-08-24 02:33:16 --> Trying to access array offset on value of type null
in APPPATH\Views\Employee\projects.php on line 220.
 1 APPPATH\Views\Employee\projects.php(220): CodeIgniter\Debug\Exceptions->errorHandler(2, 'Trying to access array offset on value of type null', 'APPPATH\\Views\\Employee\\projects.php', 220)
 2 SYSTEMPATH\View\View.php(213): include('APPPATH\\Views\\Employee\\projects.php')
 3 SYSTEMPATH\View\View.php(216): CodeIgniter\View\View->CodeIgniter\View\{closure}()
 4 SYSTEMPATH\Common.php(1137): CodeIgniter\View\View->render('Employee/projects', [], true)
 5 APPPATH\Controllers\EmployeeController.php(44): view('Employee/projects', [...])
 6 SYSTEMPATH\CodeIgniter.php(904): App\Controllers\EmployeeController->projects()
 7 SYSTEMPATH\CodeIgniter.php(457): CodeIgniter\CodeIgniter->runController(Object(App\Controllers\EmployeeController))
 8 SYSTEMPATH\CodeIgniter.php(340): CodeIgniter\CodeIgniter->handleRequest(null, Object(Config\Cache), false)
 9 FCPATH\index.php(67): CodeIgniter\CodeIgniter->run()
10 SYSTEMPATH\Commands\Server\rewrite.php(43): require_once('FCPATH\\index.php')
CRITICAL - 2022-08-24 02:33:51 --> Trying to access array offset on value of type null
in APPPATH\Views\Employee\projects.php on line 220.
 1 APPPATH\Views\Employee\projects.php(220): CodeIgniter\Debug\Exceptions->errorHandler(2, 'Trying to access array offset on value of type null', 'APPPATH\\Views\\Employee\\projects.php', 220)
 2 SYSTEMPATH\View\View.php(213): include('APPPATH\\Views\\Employee\\projects.php')
 3 SYSTEMPATH\View\View.php(216): CodeIgniter\View\View->CodeIgniter\View\{closure}()
 4 SYSTEMPATH\Common.php(1137): CodeIgniter\View\View->render('Employee/projects', [], true)
 5 APPPATH\Controllers\EmployeeController.php(48): view('Employee/projects', [...])
 6 SYSTEMPATH\CodeIgniter.php(904): App\Controllers\EmployeeController->projects()
 7 SYSTEMPATH\CodeIgniter.php(457): CodeIgniter\CodeIgniter->runController(Object(App\Controllers\EmployeeController))
 8 SYSTEMPATH\CodeIgniter.php(340): CodeIgniter\CodeIgniter->handleRequest(null, Object(Config\Cache), false)
 9 FCPATH\index.php(67): CodeIgniter\CodeIgniter->run()
10 SYSTEMPATH\Commands\Server\rewrite.php(43): require_once('FCPATH\\index.php')
CRITICAL - 2022-08-24 02:33:56 --> Trying to access array offset on value of type null
in APPPATH\Views\Employee\projects.php on line 220.
 1 APPPATH\Views\Employee\projects.php(220): CodeIgniter\Debug\Exceptions->errorHandler(2, 'Trying to access array offset on value of type null', 'APPPATH\\Views\\Employee\\projects.php', 220)
 2 SYSTEMPATH\View\View.php(213): include('APPPATH\\Views\\Employee\\projects.php')
 3 SYSTEMPATH\View\View.php(216): CodeIgniter\View\View->CodeIgniter\View\{closure}()
 4 SYSTEMPATH\Common.php(1137): CodeIgniter\View\View->render('Employee/projects', [], true)
 5 APPPATH\Controllers\EmployeeController.php(48): view('Employee/projects', [...])
 6 SYSTEMPATH\CodeIgniter.php(904): App\Controllers\EmployeeController->projects()
 7 SYSTEMPATH\CodeIgniter.php(457): CodeIgniter\CodeIgniter->runController(Object(App\Controllers\EmployeeController))
 8 SYSTEMPATH\CodeIgniter.php(340): CodeIgniter\CodeIgniter->handleRequest(null, Object(Config\Cache), false)
 9 FCPATH\index.php(67): CodeIgniter\CodeIgniter->run()
10 SYSTEMPATH\Commands\Server\rewrite.php(43): require_once('FCPATH\\index.php')
CRITICAL - 2022-08-24 02:34:12 --> Trying to access array offset on value of type null
in APPPATH\Views\Employee\projects.php on line 220.
 1 APPPATH\Views\Employee\projects.php(220): CodeIgniter\Debug\Exceptions->errorHandler(2, 'Trying to access array offset on value of type null', 'APPPATH\\Views\\Employee\\projects.php', 220)
 2 SYSTEMPATH\View\View.php(213): include('APPPATH\\Views\\Employee\\projects.php')
 3 SYSTEMPATH\View\View.php(216): CodeIgniter\View\View->CodeIgniter\View\{closure}()
 4 SYSTEMPATH\Common.php(1137): CodeIgniter\View\View->render('Employee/projects', [], true)
 5 APPPATH\Controllers\EmployeeController.php(48): view('Employee/projects', [...])
 6 SYSTEMPATH\CodeIgniter.php(904): App\Controllers\EmployeeController->projects()
 7 SYSTEMPATH\CodeIgniter.php(457): CodeIgniter\CodeIgniter->runController(Object(App\Controllers\EmployeeController))
 8 SYSTEMPATH\CodeIgniter.php(340): CodeIgniter\CodeIgniter->handleRequest(null, Object(Config\Cache), false)
 9 FCPATH\index.php(67): CodeIgniter\CodeIgniter->run()
10 SYSTEMPATH\Commands\Server\rewrite.php(43): require_once('FCPATH\\index.php')
CRITICAL - 2022-08-24 02:34:39 --> Trying to access array offset on value of type null
in APPPATH\Views\Employee\projects.php on line 220.
 1 APPPATH\Views\Employee\projects.php(220): CodeIgniter\Debug\Exceptions->errorHandler(2, 'Trying to access array offset on value of type null', 'APPPATH\\Views\\Employee\\projects.php', 220)
 2 SYSTEMPATH\View\View.php(213): include('APPPATH\\Views\\Employee\\projects.php')
 3 SYSTEMPATH\View\View.php(216): CodeIgniter\View\View->CodeIgniter\View\{closure}()
 4 SYSTEMPATH\Common.php(1137): CodeIgniter\View\View->render('Employee/projects', [], true)
 5 APPPATH\Controllers\EmployeeController.php(48): view('Employee/projects', [...])
 6 SYSTEMPATH\CodeIgniter.php(904): App\Controllers\EmployeeController->projects()
 7 SYSTEMPATH\CodeIgniter.php(457): CodeIgniter\CodeIgniter->runController(Object(App\Controllers\EmployeeController))
 8 SYSTEMPATH\CodeIgniter.php(340): CodeIgniter\CodeIgniter->handleRequest(null, Object(Config\Cache), false)
 9 FCPATH\index.php(67): CodeIgniter\CodeIgniter->run()
10 SYSTEMPATH\Commands\Server\rewrite.php(43): require_once('FCPATH\\index.php')
CRITICAL - 2022-08-24 02:34:43 --> Trying to access array offset on value of type null
in APPPATH\Views\Employee\projects.php on line 220.
 1 APPPATH\Views\Employee\projects.php(220): CodeIgniter\Debug\Exceptions->errorHandler(2, 'Trying to access array offset on value of type null', 'APPPATH\\Views\\Employee\\projects.php', 220)
 2 SYSTEMPATH\View\View.php(213): include('APPPATH\\Views\\Employee\\projects.php')
 3 SYSTEMPATH\View\View.php(216): CodeIgniter\View\View->CodeIgniter\View\{closure}()
 4 SYSTEMPATH\Common.php(1137): CodeIgniter\View\View->render('Employee/projects', [], true)
 5 APPPATH\Controllers\EmployeeController.php(48): view('Employee/projects', [...])
 6 SYSTEMPATH\CodeIgniter.php(904): App\Controllers\EmployeeController->projects()
 7 SYSTEMPATH\CodeIgniter.php(457): CodeIgniter\CodeIgniter->runController(Object(App\Controllers\EmployeeController))
 8 SYSTEMPATH\CodeIgniter.php(340): CodeIgniter\CodeIgniter->handleRequest(null, Object(Config\Cache), false)
 9 FCPATH\index.php(67): CodeIgniter\CodeIgniter->run()
10 SYSTEMPATH\Commands\Server\rewrite.php(43): require_once('FCPATH\\index.php')
CRITICAL - 2022-08-24 02:35:07 --> Trying to access array offset on value of type null
in APPPATH\Views\Employee\projects.php on line 220.
 1 APPPATH\Views\Employee\projects.php(220): CodeIgniter\Debug\Exceptions->errorHandler(2, 'Trying to access array offset on value of type null', 'APPPATH\\Views\\Employee\\projects.php', 220)
 2 SYSTEMPATH\View\View.php(213): include('APPPATH\\Views\\Employee\\projects.php')
 3 SYSTEMPATH\View\View.php(216): CodeIgniter\View\View->CodeIgniter\View\{closure}()
 4 SYSTEMPATH\Common.php(1137): CodeIgniter\View\View->render('Employee/projects', [], true)
 5 APPPATH\Controllers\EmployeeController.php(48): view('Employee/projects', [...])
 6 SYSTEMPATH\CodeIgniter.php(904): App\Controllers\EmployeeController->projects()
 7 SYSTEMPATH\CodeIgniter.php(457): CodeIgniter\CodeIgniter->runController(Object(App\Controllers\EmployeeController))
 8 SYSTEMPATH\CodeIgniter.php(340): CodeIgniter\CodeIgniter->handleRequest(null, Object(Config\Cache), false)
 9 FCPATH\index.php(67): CodeIgniter\CodeIgniter->run()
10 SYSTEMPATH\Commands\Server\rewrite.php(43): require_once('FCPATH\\index.php')
CRITICAL - 2022-08-24 02:55:09 --> Undefined array key "estimated_time"
in APPPATH\Views\Project\projects.php on line 228.
 1 APPPATH\Views\Project\projects.php(228): CodeIgniter\Debug\Exceptions->errorHandler(2, 'Undefined array key "estimated_time"', 'APPPATH\\Views\\Project\\projects.php', 228)
 2 SYSTEMPATH\View\View.php(213): include('APPPATH\\Views\\Project\\projects.php')
 3 SYSTEMPATH\View\View.php(216): CodeIgniter\View\View->CodeIgniter\View\{closure}()
 4 SYSTEMPATH\Common.php(1137): CodeIgniter\View\View->render('Project/projects', [], true)
 5 APPPATH\Controllers\ProjectController.php(46): view('Project/projects', [...])
 6 SYSTEMPATH\CodeIgniter.php(904): App\Controllers\ProjectController->projects()
 7 SYSTEMPATH\CodeIgniter.php(457): CodeIgniter\CodeIgniter->runController(Object(App\Controllers\ProjectController))
 8 SYSTEMPATH\CodeIgniter.php(340): CodeIgniter\CodeIgniter->handleRequest(null, Object(Config\Cache), false)
 9 FCPATH\index.php(67): CodeIgniter\CodeIgniter->run()
10 SYSTEMPATH\Commands\Server\rewrite.php(43): require_once('FCPATH\\index.php')
CRITICAL - 2022-08-24 02:55:33 --> Undefined array key "estimated_time"
in APPPATH\Views\Project\projects.php on line 228.
 1 APPPATH\Views\Project\projects.php(228): CodeIgniter\Debug\Exceptions->errorHandler(2, 'Undefined array key "estimated_time"', 'APPPATH\\Views\\Project\\projects.php', 228)
 2 SYSTEMPATH\View\View.php(213): include('APPPATH\\Views\\Project\\projects.php')
 3 SYSTEMPATH\View\View.php(216): CodeIgniter\View\View->CodeIgniter\View\{closure}()
 4 SYSTEMPATH\Common.php(1137): CodeIgniter\View\View->render('Project/projects', [], true)
 5 APPPATH\Controllers\ProjectController.php(46): view('Project/projects', [...])
 6 SYSTEMPATH\CodeIgniter.php(904): App\Controllers\ProjectController->projects()
 7 SYSTEMPATH\CodeIgniter.php(457): CodeIgniter\CodeIgniter->runController(Object(App\Controllers\ProjectController))
 8 SYSTEMPATH\CodeIgniter.php(340): CodeIgniter\CodeIgniter->handleRequest(null, Object(Config\Cache), false)
 9 FCPATH\index.php(67): CodeIgniter\CodeIgniter->run()
10 SYSTEMPATH\Commands\Server\rewrite.php(43): require_once('FCPATH\\index.php')
CRITICAL - 2022-08-24 03:04:53 --> Unsupported operand types: CodeIgniter\I18n\Time - string
in APPPATH\Views\Employee\projects.php on line 231.
 1 SYSTEMPATH\View\View.php(213): include()
 2 SYSTEMPATH\View\View.php(216): CodeIgniter\View\View->CodeIgniter\View\{closure}()
 3 SYSTEMPATH\Common.php(1137): CodeIgniter\View\View->render('Employee/projects', [], true)
 4 APPPATH\Controllers\EmployeeController.php(48): view('Employee/projects', [...])
 5 SYSTEMPATH\CodeIgniter.php(904): App\Controllers\EmployeeController->projects()
 6 SYSTEMPATH\CodeIgniter.php(457): CodeIgniter\CodeIgniter->runController(Object(App\Controllers\EmployeeController))
 7 SYSTEMPATH\CodeIgniter.php(340): CodeIgniter\CodeIgniter->handleRequest(null, Object(Config\Cache), false)
 8 FCPATH\index.php(67): CodeIgniter\CodeIgniter->run()
 9 SYSTEMPATH\Commands\Server\rewrite.php(43): require_once('FCPATH\\index.php')
CRITICAL - 2022-08-24 03:05:34 --> Unsupported operand types: CodeIgniter\I18n\Time - CodeIgniter\I18n\Time
in APPPATH\Views\Employee\projects.php on line 231.
 1 SYSTEMPATH\View\View.php(213): include()
 2 SYSTEMPATH\View\View.php(216): CodeIgniter\View\View->CodeIgniter\View\{closure}()
 3 SYSTEMPATH\Common.php(1137): CodeIgniter\View\View->render('Employee/projects', [], true)
 4 APPPATH\Controllers\EmployeeController.php(48): view('Employee/projects', [...])
 5 SYSTEMPATH\CodeIgniter.php(904): App\Controllers\EmployeeController->projects()
 6 SYSTEMPATH\CodeIgniter.php(457): CodeIgniter\CodeIgniter->runController(Object(App\Controllers\EmployeeController))
 7 SYSTEMPATH\CodeIgniter.php(340): CodeIgniter\CodeIgniter->handleRequest(null, Object(Config\Cache), false)
 8 FCPATH\index.php(67): CodeIgniter\CodeIgniter->run()
 9 SYSTEMPATH\Commands\Server\rewrite.php(43): require_once('FCPATH\\index.php')
CRITICAL - 2022-08-24 03:10:16 --> Non-static method CodeIgniter\I18n\Time::humanize() cannot be called statically
in APPPATH\Views\Employee\projects.php on line 232.
 1 SYSTEMPATH\View\View.php(213): include()
 2 SYSTEMPATH\View\View.php(216): CodeIgniter\View\View->CodeIgniter\View\{closure}()
 3 SYSTEMPATH\Common.php(1137): CodeIgniter\View\View->render('Employee/projects', [], true)
 4 APPPATH\Controllers\EmployeeController.php(48): view('Employee/projects', [...])
 5 SYSTEMPATH\CodeIgniter.php(904): App\Controllers\EmployeeController->projects()
 6 SYSTEMPATH\CodeIgniter.php(457): CodeIgniter\CodeIgniter->runController(Object(App\Controllers\EmployeeController))
 7 SYSTEMPATH\CodeIgniter.php(340): CodeIgniter\CodeIgniter->handleRequest(null, Object(Config\Cache), false)
 8 FCPATH\index.php(67): CodeIgniter\CodeIgniter->run()
 9 SYSTEMPATH\Commands\Server\rewrite.php(43): require_once('FCPATH\\index.php')
CRITICAL - 2022-08-24 03:18:43 --> Class "Time" not found
in APPPATH\Views\Project\projects.php on line 230.
 1 SYSTEMPATH\View\View.php(213): include()
 2 SYSTEMPATH\View\View.php(216): CodeIgniter\View\View->CodeIgniter\View\{closure}()
 3 SYSTEMPATH\Common.php(1137): CodeIgniter\View\View->render('Project/projects', [], true)
 4 APPPATH\Controllers\ProjectController.php(46): view('Project/projects', [...])
 5 SYSTEMPATH\CodeIgniter.php(904): App\Controllers\ProjectController->projects()
 6 SYSTEMPATH\CodeIgniter.php(457): CodeIgniter\CodeIgniter->runController(Object(App\Controllers\ProjectController))
 7 SYSTEMPATH\CodeIgniter.php(340): CodeIgniter\CodeIgniter->handleRequest(null, Object(Config\Cache), false)
 8 FCPATH\index.php(67): CodeIgniter\CodeIgniter->run()
 9 SYSTEMPATH\Commands\Server\rewrite.php(43): require_once('FCPATH\\index.php')
CRITICAL - 2022-08-24 03:20:58 --> Undefined array key "estimated_time"
in APPPATH\Views\Customer\project.php on line 235.
 1 APPPATH\Views\Customer\project.php(235): CodeIgniter\Debug\Exceptions->errorHandler(2, 'Undefined array key "estimated_time"', 'APPPATH\\Views\\Customer\\project.php', 235)
 2 SYSTEMPATH\View\View.php(213): include('APPPATH\\Views\\Customer\\project.php')
 3 SYSTEMPATH\View\View.php(216): CodeIgniter\View\View->CodeIgniter\View\{closure}()
 4 SYSTEMPATH\Common.php(1137): CodeIgniter\View\View->render('Customer/project', [], true)
 5 APPPATH\Controllers\CustomerController.php(36): view('Customer/project', [...])
 6 SYSTEMPATH\CodeIgniter.php(904): App\Controllers\CustomerController->project()
 7 SYSTEMPATH\CodeIgniter.php(457): CodeIgniter\CodeIgniter->runController(Object(App\Controllers\CustomerController))
 8 SYSTEMPATH\CodeIgniter.php(340): CodeIgniter\CodeIgniter->handleRequest(null, Object(Config\Cache), false)
 9 FCPATH\index.php(67): CodeIgniter\CodeIgniter->run()
10 SYSTEMPATH\Commands\Server\rewrite.php(43): require_once('FCPATH\\index.php')
ERROR - 2022-08-24 03:30:13 --> mysqli_sql_exception: Column 'attach' cannot be null in C:\xampp\htdocs\codeigniter\codeigniter4-CodeIgniter4-459e00e\system\Database\MySQLi\Connection.php:292
Stack trace:
#0 C:\xampp\htdocs\codeigniter\codeigniter4-CodeIgniter4-459e00e\system\Database\MySQLi\Connection.php(292): mysqli->query('INSERT INTO `me...', 0)
#1 C:\xampp\htdocs\codeigniter\codeigniter4-CodeIgniter4-459e00e\system\Database\BaseConnection.php(693): CodeIgniter\Database\MySQLi\Connection->execute('INSERT INTO `me...')
#2 C:\xampp\htdocs\codeigniter\codeigniter4-CodeIgniter4-459e00e\system\Database\BaseConnection.php(620): CodeIgniter\Database\BaseConnection->simpleQuery('INSERT INTO `me...')
#3 C:\xampp\htdocs\codeigniter\codeigniter4-CodeIgniter4-459e00e\system\Database\BaseBuilder.php(1916): CodeIgniter\Database\BaseConnection->query('INSERT INTO `me...', Array, false)
#4 C:\xampp\htdocs\codeigniter\codeigniter4-CodeIgniter4-459e00e\system\Model.php(278): CodeIgniter\Database\BaseBuilder->insert()
#5 C:\xampp\htdocs\codeigniter\codeigniter4-CodeIgniter4-459e00e\system\BaseModel.php(738): CodeIgniter\Model->doInsert(Array)
#6 C:\xampp\htdocs\codeigniter\codeigniter4-CodeIgniter4-459e00e\system\Model.php(666): CodeIgniter\BaseModel->insert(Array, true)
#7 C:\xampp\htdocs\codeigniter\codeigniter4-CodeIgniter4-459e00e\app\Models\MessageModel.php(65): CodeIgniter\Model->insert(Array)
#8 C:\xampp\htdocs\codeigniter\codeigniter4-CodeIgniter4-459e00e\app\Controllers\MessageController.php(30): App\Models\MessageModel->createMessage(Array)
#9 C:\xampp\htdocs\codeigniter\codeigniter4-CodeIgniter4-459e00e\system\CodeIgniter.php(904): App\Controllers\MessageController->create('1')
#10 C:\xampp\htdocs\codeigniter\codeigniter4-CodeIgniter4-459e00e\system\CodeIgniter.php(457): CodeIgniter\CodeIgniter->runController(Object(App\Controllers\MessageController))
#11 C:\xampp\htdocs\codeigniter\codeigniter4-CodeIgniter4-459e00e\system\CodeIgniter.php(340): CodeIgniter\CodeIgniter->handleRequest(NULL, Object(Config\Cache), false)
#12 C:\xampp\htdocs\codeigniter\codeigniter4-CodeIgniter4-459e00e\public\index.php(67): CodeIgniter\CodeIgniter->run()
#13 C:\xampp\htdocs\codeigniter\codeigniter4-CodeIgniter4-459e00e\system\Commands\Server\rewrite.php(43): require_once('C:\\xampp\\htdocs...')
#14 {main}
CRITICAL - 2022-08-24 03:30:13 --> Column 'attach' cannot be null
in SYSTEMPATH\Database\MySQLi\Connection.php on line 292.
 1 SYSTEMPATH\Database\MySQLi\Connection.php(292): mysqli->query('INSERT INTO `messages` (`text`, `attach`, `request_id`, `created_date`, `created_by`) VALUES (\'123123\', NULL, \'1\', \'2022-08-24 11:30:13\', \'customer 1\')', 0)
 2 SYSTEMPATH\Database\BaseConnection.php(693): CodeIgniter\Database\MySQLi\Connection->execute('INSERT INTO `messages` (`text`, `attach`, `request_id`, `created_date`, `created_by`) VALUES (\'123123\', NULL, \'1\', \'2022-08-24 11:30:13\', \'customer 1\')')
 3 SYSTEMPATH\Database\BaseConnection.php(620): CodeIgniter\Database\BaseConnection->simpleQuery('INSERT INTO `messages` (`text`, `attach`, `request_id`, `created_date`, `created_by`) VALUES (\'123123\', NULL, \'1\', \'2022-08-24 11:30:13\', \'customer 1\')')
 4 SYSTEMPATH\Database\BaseBuilder.php(1916): CodeIgniter\Database\BaseConnection->query('INSERT INTO `messages` (`text`, `attach`, `request_id`, `created_date`, `created_by`) VALUES (:text:, :attach:, :request_id:, :created_date:, :created_by:)', [...], false)
 5 SYSTEMPATH\Model.php(278): CodeIgniter\Database\BaseBuilder->insert()
 6 SYSTEMPATH\BaseModel.php(738): CodeIgniter\Model->doInsert([...])
 7 SYSTEMPATH\Model.php(666): CodeIgniter\BaseModel->insert([...], true)
 8 APPPATH\Models\MessageModel.php(65): CodeIgniter\Model->insert([...])
 9 APPPATH\Controllers\MessageController.php(30): App\Models\MessageModel->createMessage([...])
10 SYSTEMPATH\CodeIgniter.php(904): App\Controllers\MessageController->create('1')
11 SYSTEMPATH\CodeIgniter.php(457): CodeIgniter\CodeIgniter->runController(Object(App\Controllers\MessageController))
12 SYSTEMPATH\CodeIgniter.php(340): CodeIgniter\CodeIgniter->handleRequest(null, Object(Config\Cache), false)
13 FCPATH\index.php(67): CodeIgniter\CodeIgniter->run()
14 SYSTEMPATH\Commands\Server\rewrite.php(43): require_once('FCPATH\\index.php')
CRITICAL - 2022-08-24 03:48:43 --> File not found: C:\xampp\htdocs\codeigniter\codeigniter4-CodeIgniter4-459e00e\writable\uploads/20220824/1661330513_2bac02139bb5f589cdab.txt
in SYSTEMPATH\Files\File.php on line 46.
 1 SYSTEMPATH\Files\File.php(46): CodeIgniter\Files\Exceptions\FileNotFoundException::forFileNotFound('ROOTPATH\\writable\\uploads/20220824/1661330513_2bac02139bb5f589cdab.txt')
 2 SYSTEMPATH\HTTP\DownloadResponse.php(97): CodeIgniter\Files\File->__construct('ROOTPATH\\writable\\uploads/20220824/1661330513_2bac02139bb5f589cdab.txt', true)
 3 SYSTEMPATH\HTTP\ResponseTrait.php(781): CodeIgniter\HTTP\DownloadResponse->setFilePath('ROOTPATH\\writable\\uploads/20220824/1661330513_2bac02139bb5f589cdab.txt')
 4 APPPATH\Controllers\MessageController.php(37): CodeIgniter\HTTP\Response->download('1661330513_2bac02139bb5f589cdab.txt', null)
 5 SYSTEMPATH\CodeIgniter.php(904): App\Controllers\MessageController->downloadFile()
 6 SYSTEMPATH\CodeIgniter.php(457): CodeIgniter\CodeIgniter->runController(Object(App\Controllers\MessageController))
 7 SYSTEMPATH\CodeIgniter.php(340): CodeIgniter\CodeIgniter->handleRequest(null, Object(Config\Cache), false)
 8 FCPATH\index.php(67): CodeIgniter\CodeIgniter->run()
 9 SYSTEMPATH\Commands\Server\rewrite.php(43): require_once('FCPATH\\index.php')
CRITICAL - 2022-08-24 03:50:23 --> Trying to access array offset on value of type null
in APPPATH\Controllers\RequestController.php on line 79.
 1 APPPATH\Controllers\RequestController.php(79): CodeIgniter\Debug\Exceptions->errorHandler(2, 'Trying to access array offset on value of type null', 'APPPATH\\Controllers\\RequestController.php', 79)
 2 SYSTEMPATH\CodeIgniter.php(904): App\Controllers\RequestController->request('2')
 3 SYSTEMPATH\CodeIgniter.php(457): CodeIgniter\CodeIgniter->runController(Object(App\Controllers\RequestController))
 4 SYSTEMPATH\CodeIgniter.php(340): CodeIgniter\CodeIgniter->handleRequest(null, Object(Config\Cache), false)
 5 FCPATH\index.php(67): CodeIgniter\CodeIgniter->run()
 6 SYSTEMPATH\Commands\Server\rewrite.php(43): require_once('FCPATH\\index.php')
CRITICAL - 2022-08-24 03:50:25 --> Trying to access array offset on value of type null
in APPPATH\Controllers\ProjectController.php on line 23.
 1 APPPATH\Controllers\ProjectController.php(23): CodeIgniter\Debug\Exceptions->errorHandler(2, 'Trying to access array offset on value of type null', 'APPPATH\\Controllers\\ProjectController.php', 23)
 2 SYSTEMPATH\CodeIgniter.php(904): App\Controllers\ProjectController->project('2')
 3 SYSTEMPATH\CodeIgniter.php(457): CodeIgniter\CodeIgniter->runController(Object(App\Controllers\ProjectController))
 4 SYSTEMPATH\CodeIgniter.php(340): CodeIgniter\CodeIgniter->handleRequest(null, Object(Config\Cache), false)
 5 FCPATH\index.php(67): CodeIgniter\CodeIgniter->run()
 6 SYSTEMPATH\Commands\Server\rewrite.php(43): require_once('FCPATH\\index.php')
CRITICAL - 2022-08-24 04:08:04 --> Call to undefined method App\Models\RequestModel::edit
in SYSTEMPATH\Model.php on line 773.
 1 APPPATH\Controllers\ProjectController.php(173): CodeIgniter\Model->__call('edit', [...])
 2 SYSTEMPATH\CodeIgniter.php(904): App\Controllers\ProjectController->archive('4')
 3 SYSTEMPATH\CodeIgniter.php(457): CodeIgniter\CodeIgniter->runController(Object(App\Controllers\ProjectController))
 4 SYSTEMPATH\CodeIgniter.php(340): CodeIgniter\CodeIgniter->handleRequest(null, Object(Config\Cache), false)
 5 FCPATH\index.php(67): CodeIgniter\CodeIgniter->run()
 6 SYSTEMPATH\Commands\Server\rewrite.php(43): require_once('FCPATH\\index.php')
CRITICAL - 2022-08-24 04:09:36 --> Call to undefined method App\Models\RequestModel::edit
in SYSTEMPATH\Model.php on line 773.
 1 APPPATH\Controllers\ProjectController.php(173): CodeIgniter\Model->__call('edit', [...])
 2 SYSTEMPATH\CodeIgniter.php(904): App\Controllers\ProjectController->archive('4')
 3 SYSTEMPATH\CodeIgniter.php(457): CodeIgniter\CodeIgniter->runController(Object(App\Controllers\ProjectController))
 4 SYSTEMPATH\CodeIgniter.php(340): CodeIgniter\CodeIgniter->handleRequest(null, Object(Config\Cache), false)
 5 FCPATH\index.php(67): CodeIgniter\CodeIgniter->run()
 6 SYSTEMPATH\Commands\Server\rewrite.php(43): require_once('FCPATH\\index.php')
CRITICAL - 2022-08-24 04:10:05 --> Call to undefined method App\Models\RequestModel::edit
in SYSTEMPATH\Model.php on line 773.
 1 APPPATH\Controllers\ProjectController.php(173): CodeIgniter\Model->__call('edit', [...])
 2 SYSTEMPATH\CodeIgniter.php(904): App\Controllers\ProjectController->archive('4')
 3 SYSTEMPATH\CodeIgniter.php(457): CodeIgniter\CodeIgniter->runController(Object(App\Controllers\ProjectController))
 4 SYSTEMPATH\CodeIgniter.php(340): CodeIgniter\CodeIgniter->handleRequest(null, Object(Config\Cache), false)
 5 FCPATH\index.php(67): CodeIgniter\CodeIgniter->run()
 6 SYSTEMPATH\Commands\Server\rewrite.php(43): require_once('FCPATH\\index.php')
CRITICAL - 2022-08-24 04:15:44 --> Trying to access array offset on value of type null
in APPPATH\Views\Project\archived.php on line 73.
 1 APPPATH\Views\Project\archived.php(73): CodeIgniter\Debug\Exceptions->errorHandler(2, 'Trying to access array offset on value of type null', 'APPPATH\\Views\\Project\\archived.php', 73)
 2 SYSTEMPATH\View\View.php(213): include('APPPATH\\Views\\Project\\archived.php')
 3 SYSTEMPATH\View\View.php(216): CodeIgniter\View\View->CodeIgniter\View\{closure}()
 4 SYSTEMPATH\Common.php(1137): CodeIgniter\View\View->render('Project/archived', [], true)
 5 APPPATH\Controllers\ProjectController.php(191): view('Project/archived', [...])
 6 SYSTEMPATH\CodeIgniter.php(904): App\Controllers\ProjectController->archivedProjects()
 7 SYSTEMPATH\CodeIgniter.php(457): CodeIgniter\CodeIgniter->runController(Object(App\Controllers\ProjectController))
 8 SYSTEMPATH\CodeIgniter.php(340): CodeIgniter\CodeIgniter->handleRequest(null, Object(Config\Cache), false)
 9 FCPATH\index.php(67): CodeIgniter\CodeIgniter->run()
10 SYSTEMPATH\Commands\Server\rewrite.php(43): require_once('FCPATH\\index.php')
