CRITICAL - 2022-08-23 02:04:41 --> Undefined variable $logged_user_data
in APPPATH\Views\welcome.php on line 73.
 1 APPPATH\Views\welcome.php(73): CodeIgniter\Debug\Exceptions->errorHandler(2, 'Undefined variable $logged_user_data', 'APPPATH\\Views\\welcome.php', 73)
 2 SYSTEMPATH\View\View.php(213): include('APPPATH\\Views\\welcome.php')
 3 SYSTEMPATH\View\View.php(216): CodeIgniter\View\View->CodeIgniter\View\{closure}()
 4 SYSTEMPATH\Common.php(1137): CodeIgniter\View\View->render('welcome', [], true)
 5 APPPATH\Controllers\Home.php(9): view('welcome')
 6 SYSTEMPATH\CodeIgniter.php(904): App\Controllers\Home->index()
 7 SYSTEMPATH\CodeIgniter.php(457): CodeIgniter\CodeIgniter->runController(Object(App\Controllers\Home))
 8 SYSTEMPATH\CodeIgniter.php(340): CodeIgniter\CodeIgniter->handleRequest(null, Object(Config\Cache), false)
 9 FCPATH\index.php(67): CodeIgniter\CodeIgniter->run()
10 SYSTEMPATH\Commands\Server\rewrite.php(43): require_once('FCPATH\\index.php')
CRITICAL - 2022-08-23 02:13:52 --> The original file is not a valid file.
in SYSTEMPATH\HTTP\Files\UploadedFile.php on line 137.
 1 SYSTEMPATH\HTTP\Files\UploadedFile.php(137): CodeIgniter\HTTP\Exceptions\HTTPException::forInvalidFile()
 2 SYSTEMPATH\HTTP\Files\UploadedFile.php(341): CodeIgniter\HTTP\Files\UploadedFile->move('ROOTPATH\\writable\\uploads\\20220823', '1661238832_ed0defd4cba83837145e')
 3 APPPATH\Controllers\MessageController.php(19): CodeIgniter\HTTP\Files\UploadedFile->store()
 4 SYSTEMPATH\CodeIgniter.php(904): App\Controllers\MessageController->create('25')
 5 SYSTEMPATH\CodeIgniter.php(457): CodeIgniter\CodeIgniter->runController(Object(App\Controllers\MessageController))
 6 SYSTEMPATH\CodeIgniter.php(340): CodeIgniter\CodeIgniter->handleRequest(null, Object(Config\Cache), false)
 7 FCPATH\index.php(67): CodeIgniter\CodeIgniter->run()
 8 SYSTEMPATH\Commands\Server\rewrite.php(43): require_once('FCPATH\\index.php')
