CRITICAL - 2022-08-29 02:22:55 --> Trying to access array offset on value of type null
in APPPATH\Controllers\EmployeeController.php on line 52.
 1 APPPATH\Controllers\EmployeeController.php(52): CodeIgniter\Debug\Exceptions->errorHandler(2, 'Trying to access array offset on value of type null', 'APPPATH\\Controllers\\EmployeeController.php', 52)
 2 SYSTEMPATH\CodeIgniter.php(904): App\Controllers\EmployeeController->projects()
 3 SYSTEMPATH\CodeIgniter.php(457): CodeIgniter\CodeIgniter->runController(Object(App\Controllers\EmployeeController))
 4 SYSTEMPATH\CodeIgniter.php(340): CodeIgniter\CodeIgniter->handleRequest(null, Object(Config\Cache), false)
 5 FCPATH\index.php(67): CodeIgniter\CodeIgniter->run()
 6 SYSTEMPATH\Commands\Server\rewrite.php(43): require_once('FCPATH\\index.php')
CRITICAL - 2022-08-29 02:24:55 --> Trying to access array offset on value of type null
in APPPATH\Views\Employee\projects.php on line 223.
 1 APPPATH\Views\Employee\projects.php(223): CodeIgniter\Debug\Exceptions->errorHandler(2, 'Trying to access array offset on value of type null', 'APPPATH\\Views\\Employee\\projects.php', 223)
 2 SYSTEMPATH\View\View.php(213): include('APPPATH\\Views\\Employee\\projects.php')
 3 SYSTEMPATH\View\View.php(216): CodeIgniter\View\View->CodeIgniter\View\{closure}()
 4 SYSTEMPATH\Common.php(1137): CodeIgniter\View\View->render('Employee/projects', [], true)
 5 APPPATH\Controllers\EmployeeController.php(77): view('Employee/projects', [...])
 6 SYSTEMPATH\CodeIgniter.php(904): App\Controllers\EmployeeController->projects()
 7 SYSTEMPATH\CodeIgniter.php(457): CodeIgniter\CodeIgniter->runController(Object(App\Controllers\EmployeeController))
 8 SYSTEMPATH\CodeIgniter.php(340): CodeIgniter\CodeIgniter->handleRequest(null, Object(Config\Cache), false)
 9 FCPATH\index.php(67): CodeIgniter\CodeIgniter->run()
10 SYSTEMPATH\Commands\Server\rewrite.php(43): require_once('FCPATH\\index.php')
CRITICAL - 2022-08-29 02:25:01 --> Trying to access array offset on value of type null
in APPPATH\Views\Employee\projects.php on line 223.
 1 APPPATH\Views\Employee\projects.php(223): CodeIgniter\Debug\Exceptions->errorHandler(2, 'Trying to access array offset on value of type null', 'APPPATH\\Views\\Employee\\projects.php', 223)
 2 SYSTEMPATH\View\View.php(213): include('APPPATH\\Views\\Employee\\projects.php')
 3 SYSTEMPATH\View\View.php(216): CodeIgniter\View\View->CodeIgniter\View\{closure}()
 4 SYSTEMPATH\Common.php(1137): CodeIgniter\View\View->render('Employee/projects', [], true)
 5 APPPATH\Controllers\EmployeeController.php(77): view('Employee/projects', [...])
 6 SYSTEMPATH\CodeIgniter.php(904): App\Controllers\EmployeeController->projects()
 7 SYSTEMPATH\CodeIgniter.php(457): CodeIgniter\CodeIgniter->runController(Object(App\Controllers\EmployeeController))
 8 SYSTEMPATH\CodeIgniter.php(340): CodeIgniter\CodeIgniter->handleRequest(null, Object(Config\Cache), false)
 9 FCPATH\index.php(67): CodeIgniter\CodeIgniter->run()
10 SYSTEMPATH\Commands\Server\rewrite.php(43): require_once('FCPATH\\index.php')
CRITICAL - 2022-08-29 02:26:05 --> Trying to access array offset on value of type null
in APPPATH\Views\Employee\projects.php on line 223.
 1 APPPATH\Views\Employee\projects.php(223): CodeIgniter\Debug\Exceptions->errorHandler(2, 'Trying to access array offset on value of type null', 'APPPATH\\Views\\Employee\\projects.php', 223)
 2 SYSTEMPATH\View\View.php(213): include('APPPATH\\Views\\Employee\\projects.php')
 3 SYSTEMPATH\View\View.php(216): CodeIgniter\View\View->CodeIgniter\View\{closure}()
 4 SYSTEMPATH\Common.php(1137): CodeIgniter\View\View->render('Employee/projects', [], true)
 5 APPPATH\Controllers\EmployeeController.php(77): view('Employee/projects', [...])
 6 SYSTEMPATH\CodeIgniter.php(904): App\Controllers\EmployeeController->projects()
 7 SYSTEMPATH\CodeIgniter.php(457): CodeIgniter\CodeIgniter->runController(Object(App\Controllers\EmployeeController))
 8 SYSTEMPATH\CodeIgniter.php(340): CodeIgniter\CodeIgniter->handleRequest(null, Object(Config\Cache), false)
 9 FCPATH\index.php(67): CodeIgniter\CodeIgniter->run()
10 SYSTEMPATH\Commands\Server\rewrite.php(43): require_once('FCPATH\\index.php')
ERROR - 2022-08-29 02:27:40 --> mysqli_sql_exception: Unknown column 'status' in 'where clause' in C:\xampp\htdocs\codeigniter\codeigniter4-CodeIgniter4-459e00e\system\Database\MySQLi\Connection.php:292
Stack trace:
#0 C:\xampp\htdocs\codeigniter\codeigniter4-CodeIgniter4-459e00e\system\Database\MySQLi\Connection.php(292): mysqli->query('SELECT `project...', 0)
#1 C:\xampp\htdocs\codeigniter\codeigniter4-CodeIgniter4-459e00e\system\Database\BaseConnection.php(693): CodeIgniter\Database\MySQLi\Connection->execute('SELECT `project...')
#2 C:\xampp\htdocs\codeigniter\codeigniter4-CodeIgniter4-459e00e\system\Database\BaseConnection.php(620): CodeIgniter\Database\BaseConnection->simpleQuery('SELECT `project...')
#3 C:\xampp\htdocs\codeigniter\codeigniter4-CodeIgniter4-459e00e\system\Database\BaseBuilder.php(1585): CodeIgniter\Database\BaseConnection->query('SELECT `project...', Array, false)
#4 C:\xampp\htdocs\codeigniter\codeigniter4-CodeIgniter4-459e00e\system\Model.php(222): CodeIgniter\Database\BaseBuilder->get()
#5 C:\xampp\htdocs\codeigniter\codeigniter4-CodeIgniter4-459e00e\system\BaseModel.php(584): CodeIgniter\Model->doFindAll(0, 0)
#6 C:\xampp\htdocs\codeigniter\codeigniter4-CodeIgniter4-459e00e\app\Models\ProjectEmployeeModel.php(51): CodeIgniter\BaseModel->findAll()
#7 C:\xampp\htdocs\codeigniter\codeigniter4-CodeIgniter4-459e00e\app\Controllers\EmployeeController.php(119): App\Models\ProjectEmployeeModel->getProjectsOfEmployee('13')
#8 C:\xampp\htdocs\codeigniter\codeigniter4-CodeIgniter4-459e00e\app\Controllers\EmployeeController.php(46): App\Controllers\EmployeeController->getProjectsOfEmployee('13')
#9 C:\xampp\htdocs\codeigniter\codeigniter4-CodeIgniter4-459e00e\system\CodeIgniter.php(904): App\Controllers\EmployeeController->projects()
#10 C:\xampp\htdocs\codeigniter\codeigniter4-CodeIgniter4-459e00e\system\CodeIgniter.php(457): CodeIgniter\CodeIgniter->runController(Object(App\Controllers\EmployeeController))
#11 C:\xampp\htdocs\codeigniter\codeigniter4-CodeIgniter4-459e00e\system\CodeIgniter.php(340): CodeIgniter\CodeIgniter->handleRequest(NULL, Object(Config\Cache), false)
#12 C:\xampp\htdocs\codeigniter\codeigniter4-CodeIgniter4-459e00e\public\index.php(67): CodeIgniter\CodeIgniter->run()
#13 C:\xampp\htdocs\codeigniter\codeigniter4-CodeIgniter4-459e00e\system\Commands\Server\rewrite.php(43): require_once('C:\\xampp\\htdocs...')
#14 {main}
CRITICAL - 2022-08-29 02:27:40 --> Unknown column 'status' in 'where clause'
in SYSTEMPATH\Database\MySQLi\Connection.php on line 292.
 1 SYSTEMPATH\Database\MySQLi\Connection.php(292): mysqli->query('SELECT `project_id`
FROM `project_employees`
WHERE `employee_id` = \'13\'
AND `status` != 9', 0)
 2 SYSTEMPATH\Database\BaseConnection.php(693): CodeIgniter\Database\MySQLi\Connection->execute('SELECT `project_id`
FROM `project_employees`
WHERE `employee_id` = \'13\'
AND `status` != 9')
 3 SYSTEMPATH\Database\BaseConnection.php(620): CodeIgniter\Database\BaseConnection->simpleQuery('SELECT `project_id`
FROM `project_employees`
WHERE `employee_id` = \'13\'
AND `status` != 9')
 4 SYSTEMPATH\Database\BaseBuilder.php(1585): CodeIgniter\Database\BaseConnection->query('SELECT `project_id`
FROM `project_employees`
WHERE `employee_id` = :employee_id:
AND `status` != :status:', [...], false)
 5 SYSTEMPATH\Model.php(222): CodeIgniter\Database\BaseBuilder->get()
 6 SYSTEMPATH\BaseModel.php(584): CodeIgniter\Model->doFindAll(0, 0)
 7 APPPATH\Models\ProjectEmployeeModel.php(51): CodeIgniter\BaseModel->findAll()
 8 APPPATH\Controllers\EmployeeController.php(119): App\Models\ProjectEmployeeModel->getProjectsOfEmployee('13')
 9 APPPATH\Controllers\EmployeeController.php(46): App\Controllers\EmployeeController->getProjectsOfEmployee('13')
10 SYSTEMPATH\CodeIgniter.php(904): App\Controllers\EmployeeController->projects()
11 SYSTEMPATH\CodeIgniter.php(457): CodeIgniter\CodeIgniter->runController(Object(App\Controllers\EmployeeController))
12 SYSTEMPATH\CodeIgniter.php(340): CodeIgniter\CodeIgniter->handleRequest(null, Object(Config\Cache), false)
13 FCPATH\index.php(67): CodeIgniter\CodeIgniter->run()
14 SYSTEMPATH\Commands\Server\rewrite.php(43): require_once('FCPATH\\index.php')
