CRITICAL - 2022-08-17 02:32:27 --> Undefined variable $employees
in APPPATH\Views\Project\create.php on line 43.
 1 APPPATH\Views\Project\create.php(43): CodeIgniter\Debug\Exceptions->errorHandler(2, 'Undefined variable $employees', 'APPPATH\\Views\\Project\\create.php', 43)
 2 SYSTEMPATH\View\View.php(213): include('APPPATH\\Views\\Project\\create.php')
 3 SYSTEMPATH\View\View.php(216): CodeIgniter\View\View->CodeIgniter\View\{closure}()
 4 SYSTEMPATH\Common.php(1137): CodeIgniter\View\View->render('Project/create', [], true)
 5 APPPATH\Controllers\ProjectController.php(24): view('Project/create', [...])
 6 SYSTEMPATH\CodeIgniter.php(904): App\Controllers\ProjectController->create()
 7 SYSTEMPATH\CodeIgniter.php(457): CodeIgniter\CodeIgniter->runController(Object(App\Controllers\ProjectController))
 8 SYSTEMPATH\CodeIgniter.php(340): CodeIgniter\CodeIgniter->handleRequest(null, Object(Config\Cache), false)
 9 FCPATH\index.php(67): CodeIgniter\CodeIgniter->run()
10 SYSTEMPATH\Commands\Server\rewrite.php(43): require_once('FCPATH\\index.php')
CRITICAL - 2022-08-17 02:33:59 --> Call to undefined method App\Models\UserModel::getAllEmployees
in SYSTEMPATH\Model.php on line 773.
 1 APPPATH\Controllers\ProjectController.php(23): CodeIgniter\Model->__call('getAllEmployees', [])
 2 SYSTEMPATH\CodeIgniter.php(904): App\Controllers\ProjectController->create()
 3 SYSTEMPATH\CodeIgniter.php(457): CodeIgniter\CodeIgniter->runController(Object(App\Controllers\ProjectController))
 4 SYSTEMPATH\CodeIgniter.php(340): CodeIgniter\CodeIgniter->handleRequest(null, Object(Config\Cache), false)
 5 FCPATH\index.php(67): CodeIgniter\CodeIgniter->run()
 6 SYSTEMPATH\Commands\Server\rewrite.php(43): require_once('FCPATH\\index.php')
CRITICAL - 2022-08-17 03:10:48 --> session_start(): Failed to decode session object. Session has been destroyed
in SYSTEMPATH\Session\Session.php on line 918.
 1 [internal function]: CodeIgniter\Debug\Exceptions->errorHandler(2, 'session_start(): Failed to decode session object. Session has been destroyed', 'SYSTEMPATH\\Session\\Session.php', 918)
 2 SYSTEMPATH\Session\Session.php(918): session_start()
 3 SYSTEMPATH\Session\Session.php(240): CodeIgniter\Session\Session->startSession()
 4 SYSTEMPATH\Config\Services.php(665): CodeIgniter\Session\Session->start()
 5 SYSTEMPATH\Config\BaseService.php(253): CodeIgniter\Config\Services::session(Object(Config\App), false)
 6 SYSTEMPATH\Config\BaseService.php(194): CodeIgniter\Config\BaseService::__callStatic('session', [...])
 7 SYSTEMPATH\Config\Services.php(637): CodeIgniter\Config\BaseService::getSharedInstance('session', null)
 8 SYSTEMPATH\Config\BaseService.php(253): CodeIgniter\Config\Services::session()
 9 SYSTEMPATH\Common.php(934): CodeIgniter\Config\BaseService::__callStatic('session', [])
10 APPPATH\Filters\AuthUser.php(14): session()
11 SYSTEMPATH\Filters\Filters.php(173): App\Filters\AuthUser->before(Object(CodeIgniter\HTTP\IncomingRequest), null)
12 SYSTEMPATH\CodeIgniter.php(431): CodeIgniter\Filters\Filters->run('dashboard', 'before')
13 SYSTEMPATH\CodeIgniter.php(340): CodeIgniter\CodeIgniter->handleRequest(null, Object(Config\Cache), false)
14 FCPATH\index.php(67): CodeIgniter\CodeIgniter->run()
15 SYSTEMPATH\Commands\Server\rewrite.php(43): require_once('FCPATH\\index.php')
CRITICAL - 2022-08-17 03:18:12 --> Invalid file: Projects/index.php
in SYSTEMPATH\Exceptions\FrameworkException.php on line 33.
 1 SYSTEMPATH\View\View.php(201): CodeIgniter\Exceptions\FrameworkException::forInvalidFile('Projects/index.php')
 2 SYSTEMPATH\Common.php(1137): CodeIgniter\View\View->render('Projects/index', [], true)
 3 APPPATH\Controllers\ProjectController.php(16): view('Projects/index', [...])
 4 SYSTEMPATH\CodeIgniter.php(904): App\Controllers\ProjectController->project('7')
 5 SYSTEMPATH\CodeIgniter.php(457): CodeIgniter\CodeIgniter->runController(Object(App\Controllers\ProjectController))
 6 SYSTEMPATH\CodeIgniter.php(340): CodeIgniter\CodeIgniter->handleRequest(null, Object(Config\Cache), false)
 7 FCPATH\index.php(67): CodeIgniter\CodeIgniter->run()
 8 SYSTEMPATH\Commands\Server\rewrite.php(43): require_once('FCPATH\\index.php')
CRITICAL - 2022-08-17 03:18:33 --> Invalid file: Projects/index.php
in SYSTEMPATH\Exceptions\FrameworkException.php on line 33.
 1 SYSTEMPATH\View\View.php(201): CodeIgniter\Exceptions\FrameworkException::forInvalidFile('Projects/index.php')
 2 SYSTEMPATH\Common.php(1137): CodeIgniter\View\View->render('Projects/index', [], true)
 3 APPPATH\Controllers\ProjectController.php(16): view('Projects/index', [...])
 4 SYSTEMPATH\CodeIgniter.php(904): App\Controllers\ProjectController->project('7')
 5 SYSTEMPATH\CodeIgniter.php(457): CodeIgniter\CodeIgniter->runController(Object(App\Controllers\ProjectController))
 6 SYSTEMPATH\CodeIgniter.php(340): CodeIgniter\CodeIgniter->handleRequest(null, Object(Config\Cache), false)
 7 FCPATH\index.php(67): CodeIgniter\CodeIgniter->run()
 8 SYSTEMPATH\Commands\Server\rewrite.php(43): require_once('FCPATH\\index.php')
CRITICAL - 2022-08-17 03:18:34 --> Invalid file: Projects/index.php
in SYSTEMPATH\Exceptions\FrameworkException.php on line 33.
 1 SYSTEMPATH\View\View.php(201): CodeIgniter\Exceptions\FrameworkException::forInvalidFile('Projects/index.php')
 2 SYSTEMPATH\Common.php(1137): CodeIgniter\View\View->render('Projects/index', [], true)
 3 APPPATH\Controllers\ProjectController.php(16): view('Projects/index', [...])
 4 SYSTEMPATH\CodeIgniter.php(904): App\Controllers\ProjectController->project('7')
 5 SYSTEMPATH\CodeIgniter.php(457): CodeIgniter\CodeIgniter->runController(Object(App\Controllers\ProjectController))
 6 SYSTEMPATH\CodeIgniter.php(340): CodeIgniter\CodeIgniter->handleRequest(null, Object(Config\Cache), false)
 7 FCPATH\index.php(67): CodeIgniter\CodeIgniter->run()
 8 SYSTEMPATH\Commands\Server\rewrite.php(43): require_once('FCPATH\\index.php')
CRITICAL - 2022-08-17 03:18:49 --> Invalid file: Projects/index.php
in SYSTEMPATH\Exceptions\FrameworkException.php on line 33.
 1 SYSTEMPATH\View\View.php(201): CodeIgniter\Exceptions\FrameworkException::forInvalidFile('Projects/index.php')
 2 SYSTEMPATH\Common.php(1137): CodeIgniter\View\View->render('Projects/index', [], true)
 3 APPPATH\Controllers\ProjectController.php(16): view('Projects/index', [...])
 4 SYSTEMPATH\CodeIgniter.php(904): App\Controllers\ProjectController->project('7')
 5 SYSTEMPATH\CodeIgniter.php(457): CodeIgniter\CodeIgniter->runController(Object(App\Controllers\ProjectController))
 6 SYSTEMPATH\CodeIgniter.php(340): CodeIgniter\CodeIgniter->handleRequest(null, Object(Config\Cache), false)
 7 FCPATH\index.php(67): CodeIgniter\CodeIgniter->run()
 8 SYSTEMPATH\Commands\Server\rewrite.php(43): require_once('FCPATH\\index.php')
CRITICAL - 2022-08-17 03:18:50 --> Invalid file: Projects/index.php
in SYSTEMPATH\Exceptions\FrameworkException.php on line 33.
 1 SYSTEMPATH\View\View.php(201): CodeIgniter\Exceptions\FrameworkException::forInvalidFile('Projects/index.php')
 2 SYSTEMPATH\Common.php(1137): CodeIgniter\View\View->render('Projects/index', [], true)
 3 APPPATH\Controllers\ProjectController.php(16): view('Projects/index', [...])
 4 SYSTEMPATH\CodeIgniter.php(904): App\Controllers\ProjectController->project('7')
 5 SYSTEMPATH\CodeIgniter.php(457): CodeIgniter\CodeIgniter->runController(Object(App\Controllers\ProjectController))
 6 SYSTEMPATH\CodeIgniter.php(340): CodeIgniter\CodeIgniter->handleRequest(null, Object(Config\Cache), false)
 7 FCPATH\index.php(67): CodeIgniter\CodeIgniter->run()
 8 SYSTEMPATH\Commands\Server\rewrite.php(43): require_once('FCPATH\\index.php')
CRITICAL - 2022-08-17 03:19:09 --> Invalid file: Projects/index.php
in SYSTEMPATH\Exceptions\FrameworkException.php on line 33.
 1 SYSTEMPATH\View\View.php(201): CodeIgniter\Exceptions\FrameworkException::forInvalidFile('Projects/index.php')
 2 SYSTEMPATH\Common.php(1137): CodeIgniter\View\View->render('Projects/index', [], true)
 3 APPPATH\Controllers\ProjectController.php(16): view('Projects/index', [...])
 4 SYSTEMPATH\CodeIgniter.php(904): App\Controllers\ProjectController->project('7')
 5 SYSTEMPATH\CodeIgniter.php(457): CodeIgniter\CodeIgniter->runController(Object(App\Controllers\ProjectController))
 6 SYSTEMPATH\CodeIgniter.php(340): CodeIgniter\CodeIgniter->handleRequest(null, Object(Config\Cache), false)
 7 FCPATH\index.php(67): CodeIgniter\CodeIgniter->run()
 8 SYSTEMPATH\Commands\Server\rewrite.php(43): require_once('FCPATH\\index.php')
CRITICAL - 2022-08-17 03:19:10 --> Invalid file: Projects/index.php
in SYSTEMPATH\Exceptions\FrameworkException.php on line 33.
 1 SYSTEMPATH\View\View.php(201): CodeIgniter\Exceptions\FrameworkException::forInvalidFile('Projects/index.php')
 2 SYSTEMPATH\Common.php(1137): CodeIgniter\View\View->render('Projects/index', [], true)
 3 APPPATH\Controllers\ProjectController.php(16): view('Projects/index', [...])
 4 SYSTEMPATH\CodeIgniter.php(904): App\Controllers\ProjectController->project('7')
 5 SYSTEMPATH\CodeIgniter.php(457): CodeIgniter\CodeIgniter->runController(Object(App\Controllers\ProjectController))
 6 SYSTEMPATH\CodeIgniter.php(340): CodeIgniter\CodeIgniter->handleRequest(null, Object(Config\Cache), false)
 7 FCPATH\index.php(67): CodeIgniter\CodeIgniter->run()
 8 SYSTEMPATH\Commands\Server\rewrite.php(43): require_once('FCPATH\\index.php')
CRITICAL - 2022-08-17 03:20:38 --> Undefined array key "name"
in APPPATH\Views\Project\index.php on line 8.
 1 APPPATH\Views\Project\index.php(8): CodeIgniter\Debug\Exceptions->errorHandler(2, 'Undefined array key "name"', 'APPPATH\\Views\\Project\\index.php', 8)
 2 SYSTEMPATH\View\View.php(213): include('APPPATH\\Views\\Project\\index.php')
 3 SYSTEMPATH\View\View.php(216): CodeIgniter\View\View->CodeIgniter\View\{closure}()
 4 SYSTEMPATH\Common.php(1137): CodeIgniter\View\View->render('Project/index', [], true)
 5 APPPATH\Controllers\ProjectController.php(16): view('Project/index', [...])
 6 SYSTEMPATH\CodeIgniter.php(904): App\Controllers\ProjectController->project('7')
 7 SYSTEMPATH\CodeIgniter.php(457): CodeIgniter\CodeIgniter->runController(Object(App\Controllers\ProjectController))
 8 SYSTEMPATH\CodeIgniter.php(340): CodeIgniter\CodeIgniter->handleRequest(null, Object(Config\Cache), false)
 9 FCPATH\index.php(67): CodeIgniter\CodeIgniter->run()
10 SYSTEMPATH\Commands\Server\rewrite.php(43): require_once('FCPATH\\index.php')
CRITICAL - 2022-08-17 03:20:39 --> Undefined array key "name"
in APPPATH\Views\Project\index.php on line 8.
 1 APPPATH\Views\Project\index.php(8): CodeIgniter\Debug\Exceptions->errorHandler(2, 'Undefined array key "name"', 'APPPATH\\Views\\Project\\index.php', 8)
 2 SYSTEMPATH\View\View.php(213): include('APPPATH\\Views\\Project\\index.php')
 3 SYSTEMPATH\View\View.php(216): CodeIgniter\View\View->CodeIgniter\View\{closure}()
 4 SYSTEMPATH\Common.php(1137): CodeIgniter\View\View->render('Project/index', [], true)
 5 APPPATH\Controllers\ProjectController.php(16): view('Project/index', [...])
 6 SYSTEMPATH\CodeIgniter.php(904): App\Controllers\ProjectController->project('7')
 7 SYSTEMPATH\CodeIgniter.php(457): CodeIgniter\CodeIgniter->runController(Object(App\Controllers\ProjectController))
 8 SYSTEMPATH\CodeIgniter.php(340): CodeIgniter\CodeIgniter->handleRequest(null, Object(Config\Cache), false)
 9 FCPATH\index.php(67): CodeIgniter\CodeIgniter->run()
10 SYSTEMPATH\Commands\Server\rewrite.php(43): require_once('FCPATH\\index.php')
CRITICAL - 2022-08-17 03:37:10 --> Undefined variable $employees
in APPPATH\Views\Project\index.php on line 21.
 1 APPPATH\Views\Project\index.php(21): CodeIgniter\Debug\Exceptions->errorHandler(2, 'Undefined variable $employees', 'APPPATH\\Views\\Project\\index.php', 21)
 2 SYSTEMPATH\View\View.php(213): include('APPPATH\\Views\\Project\\index.php')
 3 SYSTEMPATH\View\View.php(216): CodeIgniter\View\View->CodeIgniter\View\{closure}()
 4 SYSTEMPATH\Common.php(1137): CodeIgniter\View\View->render('Project/index', [], true)
 5 APPPATH\Controllers\ProjectController.php(20): view('Project/index', [...])
 6 SYSTEMPATH\CodeIgniter.php(904): App\Controllers\ProjectController->project('8')
 7 SYSTEMPATH\CodeIgniter.php(457): CodeIgniter\CodeIgniter->runController(Object(App\Controllers\ProjectController))
 8 SYSTEMPATH\CodeIgniter.php(340): CodeIgniter\CodeIgniter->handleRequest(null, Object(Config\Cache), false)
 9 FCPATH\index.php(67): CodeIgniter\CodeIgniter->run()
10 SYSTEMPATH\Commands\Server\rewrite.php(43): require_once('FCPATH\\index.php')
CRITICAL - 2022-08-17 03:40:54 --> Undefined variable $employees
in APPPATH\Views\Project\index.php on line 21.
 1 APPPATH\Views\Project\index.php(21): CodeIgniter\Debug\Exceptions->errorHandler(2, 'Undefined variable $employees', 'APPPATH\\Views\\Project\\index.php', 21)
 2 SYSTEMPATH\View\View.php(213): include('APPPATH\\Views\\Project\\index.php')
 3 SYSTEMPATH\View\View.php(216): CodeIgniter\View\View->CodeIgniter\View\{closure}()
 4 SYSTEMPATH\Common.php(1137): CodeIgniter\View\View->render('Project/index', [], true)
 5 APPPATH\Controllers\ProjectController.php(21): view('Project/index', [...])
 6 SYSTEMPATH\CodeIgniter.php(904): App\Controllers\ProjectController->project('8')
 7 SYSTEMPATH\CodeIgniter.php(457): CodeIgniter\CodeIgniter->runController(Object(App\Controllers\ProjectController))
 8 SYSTEMPATH\CodeIgniter.php(340): CodeIgniter\CodeIgniter->handleRequest(null, Object(Config\Cache), false)
 9 FCPATH\index.php(67): CodeIgniter\CodeIgniter->run()
10 SYSTEMPATH\Commands\Server\rewrite.php(43): require_once('FCPATH\\index.php')
CRITICAL - 2022-08-17 03:41:29 --> Undefined variable $employee
in APPPATH\Views\Project\index.php on line 23.
 1 APPPATH\Views\Project\index.php(23): CodeIgniter\Debug\Exceptions->errorHandler(2, 'Undefined variable $employee', 'APPPATH\\Views\\Project\\index.php', 23)
 2 SYSTEMPATH\View\View.php(213): include('APPPATH\\Views\\Project\\index.php')
 3 SYSTEMPATH\View\View.php(216): CodeIgniter\View\View->CodeIgniter\View\{closure}()
 4 SYSTEMPATH\Common.php(1137): CodeIgniter\View\View->render('Project/index', [], true)
 5 APPPATH\Controllers\ProjectController.php(21): view('Project/index', [...])
 6 SYSTEMPATH\CodeIgniter.php(904): App\Controllers\ProjectController->project('8')
 7 SYSTEMPATH\CodeIgniter.php(457): CodeIgniter\CodeIgniter->runController(Object(App\Controllers\ProjectController))
 8 SYSTEMPATH\CodeIgniter.php(340): CodeIgniter\CodeIgniter->handleRequest(null, Object(Config\Cache), false)
 9 FCPATH\index.php(67): CodeIgniter\CodeIgniter->run()
10 SYSTEMPATH\Commands\Server\rewrite.php(43): require_once('FCPATH\\index.php')
ERROR - 2022-08-17 04:06:33 --> mysqli_sql_exception: Table 'ci4_app_db.projectemployees' doesn't exist in C:\xampp\htdocs\codeigniter\codeigniter4-CodeIgniter4-459e00e\system\Database\MySQLi\Connection.php:292
Stack trace:
#0 C:\xampp\htdocs\codeigniter\codeigniter4-CodeIgniter4-459e00e\system\Database\MySQLi\Connection.php(292): mysqli->query('SELECT `employe...', 0)
#1 C:\xampp\htdocs\codeigniter\codeigniter4-CodeIgniter4-459e00e\system\Database\BaseConnection.php(693): CodeIgniter\Database\MySQLi\Connection->execute('SELECT `employe...')
#2 C:\xampp\htdocs\codeigniter\codeigniter4-CodeIgniter4-459e00e\system\Database\BaseConnection.php(620): CodeIgniter\Database\BaseConnection->simpleQuery('SELECT `employe...')
#3 C:\xampp\htdocs\codeigniter\codeigniter4-CodeIgniter4-459e00e\system\Database\BaseBuilder.php(1585): CodeIgniter\Database\BaseConnection->query('SELECT `employe...', Array, false)
#4 C:\xampp\htdocs\codeigniter\codeigniter4-CodeIgniter4-459e00e\system\Model.php(222): CodeIgniter\Database\BaseBuilder->get()
#5 C:\xampp\htdocs\codeigniter\codeigniter4-CodeIgniter4-459e00e\system\BaseModel.php(584): CodeIgniter\Model->doFindAll(0, 0)
#6 C:\xampp\htdocs\codeigniter\codeigniter4-CodeIgniter4-459e00e\app\Models\ProjectEmployeeModel.php(50): CodeIgniter\BaseModel->findAll()
#7 C:\xampp\htdocs\codeigniter\codeigniter4-CodeIgniter4-459e00e\app\Controllers\ProjectController.php(19): App\Models\ProjectEmployeeModel->getEmployeesOfProject('9')
#8 C:\xampp\htdocs\codeigniter\codeigniter4-CodeIgniter4-459e00e\system\CodeIgniter.php(904): App\Controllers\ProjectController->project('9')
#9 C:\xampp\htdocs\codeigniter\codeigniter4-CodeIgniter4-459e00e\system\CodeIgniter.php(457): CodeIgniter\CodeIgniter->runController(Object(App\Controllers\ProjectController))
#10 C:\xampp\htdocs\codeigniter\codeigniter4-CodeIgniter4-459e00e\system\CodeIgniter.php(340): CodeIgniter\CodeIgniter->handleRequest(NULL, Object(Config\Cache), false)
#11 C:\xampp\htdocs\codeigniter\codeigniter4-CodeIgniter4-459e00e\public\index.php(67): CodeIgniter\CodeIgniter->run()
#12 C:\xampp\htdocs\codeigniter\codeigniter4-CodeIgniter4-459e00e\system\Commands\Server\rewrite.php(43): require_once('C:\\xampp\\htdocs...')
#13 {main}
CRITICAL - 2022-08-17 04:06:33 --> Table 'ci4_app_db.projectemployees' doesn't exist
in SYSTEMPATH\Database\MySQLi\Connection.php on line 292.
 1 SYSTEMPATH\Database\MySQLi\Connection.php(292): mysqli->query('SELECT `employee_id`
FROM `projectemployees`
WHERE `project_id` = \'9\'', 0)
 2 SYSTEMPATH\Database\BaseConnection.php(693): CodeIgniter\Database\MySQLi\Connection->execute('SELECT `employee_id`
FROM `projectemployees`
WHERE `project_id` = \'9\'')
 3 SYSTEMPATH\Database\BaseConnection.php(620): CodeIgniter\Database\BaseConnection->simpleQuery('SELECT `employee_id`
FROM `projectemployees`
WHERE `project_id` = \'9\'')
 4 SYSTEMPATH\Database\BaseBuilder.php(1585): CodeIgniter\Database\BaseConnection->query('SELECT `employee_id`
FROM `projectemployees`
WHERE `project_id` = :project_id:', [...], false)
 5 SYSTEMPATH\Model.php(222): CodeIgniter\Database\BaseBuilder->get()
 6 SYSTEMPATH\BaseModel.php(584): CodeIgniter\Model->doFindAll(0, 0)
 7 APPPATH\Models\ProjectEmployeeModel.php(50): CodeIgniter\BaseModel->findAll()
 8 APPPATH\Controllers\ProjectController.php(19): App\Models\ProjectEmployeeModel->getEmployeesOfProject('9')
 9 SYSTEMPATH\CodeIgniter.php(904): App\Controllers\ProjectController->project('9')
10 SYSTEMPATH\CodeIgniter.php(457): CodeIgniter\CodeIgniter->runController(Object(App\Controllers\ProjectController))
11 SYSTEMPATH\CodeIgniter.php(340): CodeIgniter\CodeIgniter->handleRequest(null, Object(Config\Cache), false)
12 FCPATH\index.php(67): CodeIgniter\CodeIgniter->run()
13 SYSTEMPATH\Commands\Server\rewrite.php(43): require_once('FCPATH\\index.php')
CRITICAL - 2022-08-17 04:17:03 --> Undefined array key "name"
in APPPATH\Views\Project\index.php on line 22.
 1 APPPATH\Views\Project\index.php(22): CodeIgniter\Debug\Exceptions->errorHandler(2, 'Undefined array key "name"', 'APPPATH\\Views\\Project\\index.php', 22)
 2 SYSTEMPATH\View\View.php(213): include('APPPATH\\Views\\Project\\index.php')
 3 SYSTEMPATH\View\View.php(216): CodeIgniter\View\View->CodeIgniter\View\{closure}()
 4 SYSTEMPATH\Common.php(1137): CodeIgniter\View\View->render('Project/index', [], true)
 5 APPPATH\Controllers\ProjectController.php(24): view('Project/index', [...])
 6 SYSTEMPATH\CodeIgniter.php(904): App\Controllers\ProjectController->project('10')
 7 SYSTEMPATH\CodeIgniter.php(457): CodeIgniter\CodeIgniter->runController(Object(App\Controllers\ProjectController))
 8 SYSTEMPATH\CodeIgniter.php(340): CodeIgniter\CodeIgniter->handleRequest(null, Object(Config\Cache), false)
 9 FCPATH\index.php(67): CodeIgniter\CodeIgniter->run()
10 SYSTEMPATH\Commands\Server\rewrite.php(43): require_once('FCPATH\\index.php')
CRITICAL - 2022-08-17 04:21:18 --> Undefined variable $user_id
in APPPATH\Models\UserModel.php on line 57.
 1 APPPATH\Models\UserModel.php(57): CodeIgniter\Debug\Exceptions->errorHandler(2, 'Undefined variable $user_id', 'APPPATH\\Models\\UserModel.php', 57)
 2 APPPATH\Controllers\ProjectController.php(20): App\Models\UserModel->getUsersByIds([...])
 3 SYSTEMPATH\CodeIgniter.php(904): App\Controllers\ProjectController->project('10')
 4 SYSTEMPATH\CodeIgniter.php(457): CodeIgniter\CodeIgniter->runController(Object(App\Controllers\ProjectController))
 5 SYSTEMPATH\CodeIgniter.php(340): CodeIgniter\CodeIgniter->handleRequest(null, Object(Config\Cache), false)
 6 FCPATH\index.php(67): CodeIgniter\CodeIgniter->run()
 7 SYSTEMPATH\Commands\Server\rewrite.php(43): require_once('FCPATH\\index.php')
CRITICAL - 2022-08-17 04:21:31 --> Undefined array key "name"
in APPPATH\Views\Project\index.php on line 22.
 1 APPPATH\Views\Project\index.php(22): CodeIgniter\Debug\Exceptions->errorHandler(2, 'Undefined array key "name"', 'APPPATH\\Views\\Project\\index.php', 22)
 2 SYSTEMPATH\View\View.php(213): include('APPPATH\\Views\\Project\\index.php')
 3 SYSTEMPATH\View\View.php(216): CodeIgniter\View\View->CodeIgniter\View\{closure}()
 4 SYSTEMPATH\Common.php(1137): CodeIgniter\View\View->render('Project/index', [], true)
 5 APPPATH\Controllers\ProjectController.php(25): view('Project/index', [...])
 6 SYSTEMPATH\CodeIgniter.php(904): App\Controllers\ProjectController->project('10')
 7 SYSTEMPATH\CodeIgniter.php(457): CodeIgniter\CodeIgniter->runController(Object(App\Controllers\ProjectController))
 8 SYSTEMPATH\CodeIgniter.php(340): CodeIgniter\CodeIgniter->handleRequest(null, Object(Config\Cache), false)
 9 FCPATH\index.php(67): CodeIgniter\CodeIgniter->run()
10 SYSTEMPATH\Commands\Server\rewrite.php(43): require_once('FCPATH\\index.php')
