ERROR - 2022-08-16 06:06:21 --> Error connecting to the database: mysqli_sql_exception: Access denied for user ''@'localhost' (using password: NO) in C:\xampp\htdocs\codeigniter\codeigniter4-CodeIgniter4-459e00e\system\Database\MySQLi\Connection.php:171
Stack trace:
#0 C:\xampp\htdocs\codeigniter\codeigniter4-CodeIgniter4-459e00e\system\Database\MySQLi\Connection.php(171): mysqli->real_connect('localhost', '', '', '', 3306, '', 0)
#1 C:\xampp\htdocs\codeigniter\codeigniter4-CodeIgniter4-459e00e\system\Database\BaseConnection.php(382): CodeIgniter\Database\MySQLi\Connection->connect(false)
#2 C:\xampp\htdocs\codeigniter\codeigniter4-CodeIgniter4-459e00e\system\Database\BaseConnection.php(588): CodeIgniter\Database\BaseConnection->initialize()
#3 C:\xampp\htdocs\codeigniter\codeigniter4-CodeIgniter4-459e00e\system\Database\BaseConnection.php(1380): CodeIgniter\Database\BaseConnection->query('SHOW TABLES FRO...')
#4 C:\xampp\htdocs\codeigniter\codeigniter4-CodeIgniter4-459e00e\system\Database\BaseConnection.php(1411): CodeIgniter\Database\BaseConnection->listTables()
#5 C:\xampp\htdocs\codeigniter\codeigniter4-CodeIgniter4-459e00e\system\Database\MigrationRunner.php(759): CodeIgniter\Database\BaseConnection->tableExists('migrations')
#6 C:\xampp\htdocs\codeigniter\codeigniter4-CodeIgniter4-459e00e\system\Database\MigrationRunner.php(167): CodeIgniter\Database\MigrationRunner->ensureTable()
#7 C:\xampp\htdocs\codeigniter\codeigniter4-CodeIgniter4-459e00e\system\Commands\Database\Migrate.php(84): CodeIgniter\Database\MigrationRunner->latest(NULL)
#8 C:\xampp\htdocs\codeigniter\codeigniter4-CodeIgniter4-459e00e\system\CLI\Commands.php(63): CodeIgniter\Commands\Database\Migrate->run(Array)
#9 C:\xampp\htdocs\codeigniter\codeigniter4-CodeIgniter4-459e00e\system\CLI\CommandRunner.php(65): CodeIgniter\CLI\Commands->run('migrate', Array)
#10 C:\xampp\htdocs\codeigniter\codeigniter4-CodeIgniter4-459e00e\system\CLI\CommandRunner.php(51): CodeIgniter\CLI\CommandRunner->index(Array)
#11 C:\xampp\htdocs\codeigniter\codeigniter4-CodeIgniter4-459e00e\system\CodeIgniter.php(897): CodeIgniter\CLI\CommandRunner->_remap('index', Array)
#12 C:\xampp\htdocs\codeigniter\codeigniter4-CodeIgniter4-459e00e\system\CodeIgniter.php(457): CodeIgniter\CodeIgniter->runController(Object(CodeIgniter\CLI\CommandRunner))
#13 C:\xampp\htdocs\codeigniter\codeigniter4-CodeIgniter4-459e00e\system\CodeIgniter.php(336): CodeIgniter\CodeIgniter->handleRequest(NULL, Object(Config\Cache), false)
#14 C:\xampp\htdocs\codeigniter\codeigniter4-CodeIgniter4-459e00e\system\CLI\Console.php(48): CodeIgniter\CodeIgniter->run()
#15 C:\xampp\htdocs\codeigniter\codeigniter4-CodeIgniter4-459e00e\spark(98): CodeIgniter\CLI\Console->run()
#16 {main}

Next CodeIgniter\Database\Exceptions\DatabaseException: Access denied for user ''@'localhost' (using password: NO) in C:\xampp\htdocs\codeigniter\codeigniter4-CodeIgniter4-459e00e\system\Database\MySQLi\Connection.php:215
Stack trace:
#0 C:\xampp\htdocs\codeigniter\codeigniter4-CodeIgniter4-459e00e\system\Database\BaseConnection.php(382): CodeIgniter\Database\MySQLi\Connection->connect(false)
#1 C:\xampp\htdocs\codeigniter\codeigniter4-CodeIgniter4-459e00e\system\Database\BaseConnection.php(588): CodeIgniter\Database\BaseConnection->initialize()
#2 C:\xampp\htdocs\codeigniter\codeigniter4-CodeIgniter4-459e00e\system\Database\BaseConnection.php(1380): CodeIgniter\Database\BaseConnection->query('SHOW TABLES FRO...')
#3 C:\xampp\htdocs\codeigniter\codeigniter4-CodeIgniter4-459e00e\system\Database\BaseConnection.php(1411): CodeIgniter\Database\BaseConnection->listTables()
#4 C:\xampp\htdocs\codeigniter\codeigniter4-CodeIgniter4-459e00e\system\Database\MigrationRunner.php(759): CodeIgniter\Database\BaseConnection->tableExists('migrations')
#5 C:\xampp\htdocs\codeigniter\codeigniter4-CodeIgniter4-459e00e\system\Database\MigrationRunner.php(167): CodeIgniter\Database\MigrationRunner->ensureTable()
#6 C:\xampp\htdocs\codeigniter\codeigniter4-CodeIgniter4-459e00e\system\Commands\Database\Migrate.php(84): CodeIgniter\Database\MigrationRunner->latest(NULL)
#7 C:\xampp\htdocs\codeigniter\codeigniter4-CodeIgniter4-459e00e\system\CLI\Commands.php(63): CodeIgniter\Commands\Database\Migrate->run(Array)
#8 C:\xampp\htdocs\codeigniter\codeigniter4-CodeIgniter4-459e00e\system\CLI\CommandRunner.php(65): CodeIgniter\CLI\Commands->run('migrate', Array)
#9 C:\xampp\htdocs\codeigniter\codeigniter4-CodeIgniter4-459e00e\system\CLI\CommandRunner.php(51): CodeIgniter\CLI\CommandRunner->index(Array)
#10 C:\xampp\htdocs\codeigniter\codeigniter4-CodeIgniter4-459e00e\system\CodeIgniter.php(897): CodeIgniter\CLI\CommandRunner->_remap('index', Array)
#11 C:\xampp\htdocs\codeigniter\codeigniter4-CodeIgniter4-459e00e\system\CodeIgniter.php(457): CodeIgniter\CodeIgniter->runController(Object(CodeIgniter\CLI\CommandRunner))
#12 C:\xampp\htdocs\codeigniter\codeigniter4-CodeIgniter4-459e00e\system\CodeIgniter.php(336): CodeIgniter\CodeIgniter->handleRequest(NULL, Object(Config\Cache), false)
#13 C:\xampp\htdocs\codeigniter\codeigniter4-CodeIgniter4-459e00e\system\CLI\Console.php(48): CodeIgniter\CodeIgniter->run()
#14 C:\xampp\htdocs\codeigniter\codeigniter4-CodeIgniter4-459e00e\spark(98): CodeIgniter\CLI\Console->run()
#15 {main}
ERROR - 2022-08-16 06:52:57 --> mysqli_sql_exception: Column 'company' cannot be null in C:\xampp\htdocs\codeigniter\codeigniter4-CodeIgniter4-459e00e\system\Database\MySQLi\Connection.php:292
Stack trace:
#0 C:\xampp\htdocs\codeigniter\codeigniter4-CodeIgniter4-459e00e\system\Database\MySQLi\Connection.php(292): mysqli->query('INSERT INTO `us...', 0)
#1 C:\xampp\htdocs\codeigniter\codeigniter4-CodeIgniter4-459e00e\system\Database\BaseConnection.php(693): CodeIgniter\Database\MySQLi\Connection->execute('INSERT INTO `us...')
#2 C:\xampp\htdocs\codeigniter\codeigniter4-CodeIgniter4-459e00e\system\Database\BaseConnection.php(620): CodeIgniter\Database\BaseConnection->simpleQuery('INSERT INTO `us...')
#3 C:\xampp\htdocs\codeigniter\codeigniter4-CodeIgniter4-459e00e\system\Database\BaseBuilder.php(1916): CodeIgniter\Database\BaseConnection->query('INSERT INTO `us...', Array, false)
#4 C:\xampp\htdocs\codeigniter\codeigniter4-CodeIgniter4-459e00e\system\Model.php(278): CodeIgniter\Database\BaseBuilder->insert()
#5 C:\xampp\htdocs\codeigniter\codeigniter4-CodeIgniter4-459e00e\system\BaseModel.php(738): CodeIgniter\Model->doInsert(Array)
#6 C:\xampp\htdocs\codeigniter\codeigniter4-CodeIgniter4-459e00e\system\Model.php(666): CodeIgniter\BaseModel->insert(Array, true)
#7 C:\xampp\htdocs\codeigniter\codeigniter4-CodeIgniter4-459e00e\app\Models\UserModel.php(58): CodeIgniter\Model->insert(Array)
#8 C:\xampp\htdocs\codeigniter\codeigniter4-CodeIgniter4-459e00e\app\Controllers\UserController.php(36): App\Models\UserModel->signup(Array)
#9 C:\xampp\htdocs\codeigniter\codeigniter4-CodeIgniter4-459e00e\system\CodeIgniter.php(904): App\Controllers\UserController->signup()
#10 C:\xampp\htdocs\codeigniter\codeigniter4-CodeIgniter4-459e00e\system\CodeIgniter.php(457): CodeIgniter\CodeIgniter->runController(Object(App\Controllers\UserController))
#11 C:\xampp\htdocs\codeigniter\codeigniter4-CodeIgniter4-459e00e\system\CodeIgniter.php(340): CodeIgniter\CodeIgniter->handleRequest(NULL, Object(Config\Cache), false)
#12 C:\xampp\htdocs\codeigniter\codeigniter4-CodeIgniter4-459e00e\public\index.php(67): CodeIgniter\CodeIgniter->run()
#13 C:\xampp\htdocs\codeigniter\codeigniter4-CodeIgniter4-459e00e\system\Commands\Server\rewrite.php(43): require_once('C:\\xampp\\htdocs...')
#14 {main}
CRITICAL - 2022-08-16 06:52:57 --> Column 'company' cannot be null
in SYSTEMPATH\Database\MySQLi\Connection.php on line 292.
 1 SYSTEMPATH\Database\MySQLi\Connection.php(292): mysqli->query('INSERT INTO `users` (`email`, `name`, `password`, `role`, `company`, `created_date`) VALUES (\'d@gmail.com\', \'d\', \'a\', 0, NULL, \'2022202220222022-AugAug-TueTue 0606:Aug1:thth\')', 0)
 2 SYSTEMPATH\Database\BaseConnection.php(693): CodeIgniter\Database\MySQLi\Connection->execute('INSERT INTO `users` (`email`, `name`, `password`, `role`, `company`, `created_date`) VALUES (\'d@gmail.com\', \'d\', \'a\', 0, NULL, \'2022202220222022-AugAug-TueTue 0606:Aug1:thth\')')
 3 SYSTEMPATH\Database\BaseConnection.php(620): CodeIgniter\Database\BaseConnection->simpleQuery('INSERT INTO `users` (`email`, `name`, `password`, `role`, `company`, `created_date`) VALUES (\'d@gmail.com\', \'d\', \'a\', 0, NULL, \'2022202220222022-AugAug-TueTue 0606:Aug1:thth\')')
 4 SYSTEMPATH\Database\BaseBuilder.php(1916): CodeIgniter\Database\BaseConnection->query('INSERT INTO `users` (`email`, `name`, `password`, `role`, `company`, `created_date`) VALUES (:email:, :name:, :password:, :role:, :company:, :created_date:)', [...], false)
 5 SYSTEMPATH\Model.php(278): CodeIgniter\Database\BaseBuilder->insert()
 6 SYSTEMPATH\BaseModel.php(738): CodeIgniter\Model->doInsert([...])
 7 SYSTEMPATH\Model.php(666): CodeIgniter\BaseModel->insert([...], true)
 8 APPPATH\Models\UserModel.php(58): CodeIgniter\Model->insert([...])
 9 APPPATH\Controllers\UserController.php(36): App\Models\UserModel->signup([...])
10 SYSTEMPATH\CodeIgniter.php(904): App\Controllers\UserController->signup()
11 SYSTEMPATH\CodeIgniter.php(457): CodeIgniter\CodeIgniter->runController(Object(App\Controllers\UserController))
12 SYSTEMPATH\CodeIgniter.php(340): CodeIgniter\CodeIgniter->handleRequest(null, Object(Config\Cache), false)
13 FCPATH\index.php(67): CodeIgniter\CodeIgniter->run()
14 SYSTEMPATH\Commands\Server\rewrite.php(43): require_once('FCPATH\\index.php')
CRITICAL - 2022-08-16 07:51:28 --> Trying to access array offset on value of type null
in APPPATH\Controllers\UserController.php on line 12.
 1 APPPATH\Controllers\UserController.php(12): CodeIgniter\Debug\Exceptions->errorHandler(2, 'Trying to access array offset on value of type null', 'APPPATH\\Controllers\\UserController.php', 12)
 2 SYSTEMPATH\CodeIgniter.php(904): App\Controllers\UserController->index()
 3 SYSTEMPATH\CodeIgniter.php(457): CodeIgniter\CodeIgniter->runController(Object(App\Controllers\UserController))
 4 SYSTEMPATH\CodeIgniter.php(340): CodeIgniter\CodeIgniter->handleRequest(null, Object(Config\Cache), false)
 5 FCPATH\index.php(67): CodeIgniter\CodeIgniter->run()
 6 SYSTEMPATH\Commands\Server\rewrite.php(43): require_once('FCPATH\\index.php')
CRITICAL - 2022-08-16 08:09:40 --> Undefined property: CodeIgniter\HTTP\IncomingRequest::$link
in APPPATH\Filters\AuthGuard.php on line 13.
 1 APPPATH\Filters\AuthGuard.php(13): CodeIgniter\Debug\Exceptions->errorHandler(2, 'Undefined property: CodeIgniter\\HTTP\\IncomingRequest::$link', 'APPPATH\\Filters\\AuthGuard.php', 13)
 2 SYSTEMPATH\Filters\Filters.php(173): App\Filters\AuthGuard->before(Object(CodeIgniter\HTTP\IncomingRequest), null)
 3 SYSTEMPATH\CodeIgniter.php(431): CodeIgniter\Filters\Filters->run('dashboard', 'before')
 4 SYSTEMPATH\CodeIgniter.php(340): CodeIgniter\CodeIgniter->handleRequest(null, Object(Config\Cache), false)
 5 FCPATH\index.php(67): CodeIgniter\CodeIgniter->run()
 6 SYSTEMPATH\Commands\Server\rewrite.php(43): require_once('FCPATH\\index.php')
CRITICAL - 2022-08-16 08:18:02 --> CodeIgniter\Router\RouteCollection::getFilterForRoute(): Return value must be of type string, array returned
in SYSTEMPATH\Router\RouteCollection.php on line 1090.
 1 SYSTEMPATH\Router\Router.php(188): CodeIgniter\Router\RouteCollection->getFilterForRoute('dashboard')
 2 SYSTEMPATH\CodeIgniter.php(779): CodeIgniter\Router\Router->handle('dashboard')
 3 SYSTEMPATH\CodeIgniter.php(406): CodeIgniter\CodeIgniter->tryToRouteIt(Object(CodeIgniter\Router\RouteCollection))
 4 SYSTEMPATH\CodeIgniter.php(340): CodeIgniter\CodeIgniter->handleRequest(null, Object(Config\Cache), false)
 5 FCPATH\index.php(67): CodeIgniter\CodeIgniter->run()
 6 SYSTEMPATH\Commands\Server\rewrite.php(43): require_once('FCPATH\\index.php')
CRITICAL - 2022-08-16 08:20:21 --> Class "App\Filters\AuthUser" not found
in SYSTEMPATH\Filters\Filters.php on line 166.
 1 SYSTEMPATH\CodeIgniter.php(431): CodeIgniter\Filters\Filters->run('dashboard', 'before')
 2 SYSTEMPATH\CodeIgniter.php(340): CodeIgniter\CodeIgniter->handleRequest(null, Object(Config\Cache), false)
 3 FCPATH\index.php(67): CodeIgniter\CodeIgniter->run()
 4 SYSTEMPATH\Commands\Server\rewrite.php(43): require_once('FCPATH\\index.php')
CRITICAL - 2022-08-16 08:43:03 --> Trying to access array offset on value of type null
in APPPATH\Views\User\index.php on line 12.
 1 APPPATH\Views\User\index.php(12): CodeIgniter\Debug\Exceptions->errorHandler(2, 'Trying to access array offset on value of type null', 'APPPATH\\Views\\User\\index.php', 12)
 2 SYSTEMPATH\View\View.php(213): include('APPPATH\\Views\\User\\index.php')
 3 SYSTEMPATH\View\View.php(216): CodeIgniter\View\View->CodeIgniter\View\{closure}()
 4 SYSTEMPATH\Common.php(1137): CodeIgniter\View\View->render('User/index', [], true)
 5 APPPATH\Controllers\UserController.php(12): view('User/index')
 6 SYSTEMPATH\CodeIgniter.php(904): App\Controllers\UserController->profile()
 7 SYSTEMPATH\CodeIgniter.php(457): CodeIgniter\CodeIgniter->runController(Object(App\Controllers\UserController))
 8 SYSTEMPATH\CodeIgniter.php(340): CodeIgniter\CodeIgniter->handleRequest(null, Object(Config\Cache), false)
 9 FCPATH\index.php(67): CodeIgniter\CodeIgniter->run()
10 SYSTEMPATH\Commands\Server\rewrite.php(43): require_once('FCPATH\\index.php')
CRITICAL - 2022-08-16 08:43:04 --> Trying to access array offset on value of type null
in APPPATH\Views\User\index.php on line 12.
 1 APPPATH\Views\User\index.php(12): CodeIgniter\Debug\Exceptions->errorHandler(2, 'Trying to access array offset on value of type null', 'APPPATH\\Views\\User\\index.php', 12)
 2 SYSTEMPATH\View\View.php(213): include('APPPATH\\Views\\User\\index.php')
 3 SYSTEMPATH\View\View.php(216): CodeIgniter\View\View->CodeIgniter\View\{closure}()
 4 SYSTEMPATH\Common.php(1137): CodeIgniter\View\View->render('User/index', [], true)
 5 APPPATH\Controllers\UserController.php(12): view('User/index')
 6 SYSTEMPATH\CodeIgniter.php(904): App\Controllers\UserController->profile()
 7 SYSTEMPATH\CodeIgniter.php(457): CodeIgniter\CodeIgniter->runController(Object(App\Controllers\UserController))
 8 SYSTEMPATH\CodeIgniter.php(340): CodeIgniter\CodeIgniter->handleRequest(null, Object(Config\Cache), false)
 9 FCPATH\index.php(67): CodeIgniter\CodeIgniter->run()
10 SYSTEMPATH\Commands\Server\rewrite.php(43): require_once('FCPATH\\index.php')
CRITICAL - 2022-08-16 08:45:26 --> Undefined variable $logged_user_data
in APPPATH\Views\User\index.php on line 12.
 1 APPPATH\Views\User\index.php(12): CodeIgniter\Debug\Exceptions->errorHandler(2, 'Undefined variable $logged_user_data', 'APPPATH\\Views\\User\\index.php', 12)
 2 SYSTEMPATH\View\View.php(213): include('APPPATH\\Views\\User\\index.php')
 3 SYSTEMPATH\View\View.php(216): CodeIgniter\View\View->CodeIgniter\View\{closure}()
 4 SYSTEMPATH\Common.php(1137): CodeIgniter\View\View->render('User/index', [], true)
 5 APPPATH\Controllers\UserController.php(13): view('User/index', [...])
 6 SYSTEMPATH\CodeIgniter.php(904): App\Controllers\UserController->profile()
 7 SYSTEMPATH\CodeIgniter.php(457): CodeIgniter\CodeIgniter->runController(Object(App\Controllers\UserController))
 8 SYSTEMPATH\CodeIgniter.php(340): CodeIgniter\CodeIgniter->handleRequest(null, Object(Config\Cache), false)
 9 FCPATH\index.php(67): CodeIgniter\CodeIgniter->run()
10 SYSTEMPATH\Commands\Server\rewrite.php(43): require_once('FCPATH\\index.php')
CRITICAL - 2022-08-16 08:45:27 --> Undefined variable $logged_user_data
in APPPATH\Views\User\index.php on line 12.
 1 APPPATH\Views\User\index.php(12): CodeIgniter\Debug\Exceptions->errorHandler(2, 'Undefined variable $logged_user_data', 'APPPATH\\Views\\User\\index.php', 12)
 2 SYSTEMPATH\View\View.php(213): include('APPPATH\\Views\\User\\index.php')
 3 SYSTEMPATH\View\View.php(216): CodeIgniter\View\View->CodeIgniter\View\{closure}()
 4 SYSTEMPATH\Common.php(1137): CodeIgniter\View\View->render('User/index', [], true)
 5 APPPATH\Controllers\UserController.php(13): view('User/index', [...])
 6 SYSTEMPATH\CodeIgniter.php(904): App\Controllers\UserController->profile()
 7 SYSTEMPATH\CodeIgniter.php(457): CodeIgniter\CodeIgniter->runController(Object(App\Controllers\UserController))
 8 SYSTEMPATH\CodeIgniter.php(340): CodeIgniter\CodeIgniter->handleRequest(null, Object(Config\Cache), false)
 9 FCPATH\index.php(67): CodeIgniter\CodeIgniter->run()
10 SYSTEMPATH\Commands\Server\rewrite.php(43): require_once('FCPATH\\index.php')
CRITICAL - 2022-08-16 09:40:56 --> Undefined variable $projects
in APPPATH\Views\Project\projects.php on line 12.
 1 APPPATH\Views\Project\projects.php(12): CodeIgniter\Debug\Exceptions->errorHandler(2, 'Undefined variable $projects', 'APPPATH\\Views\\Project\\projects.php', 12)
 2 SYSTEMPATH\View\View.php(213): include('APPPATH\\Views\\Project\\projects.php')
 3 SYSTEMPATH\View\View.php(216): CodeIgniter\View\View->CodeIgniter\View\{closure}()
 4 SYSTEMPATH\Common.php(1137): CodeIgniter\View\View->render('Project/projects', [], true)
 5 APPPATH\Controllers\ProjectController.php(13): view('Project/projects')
 6 SYSTEMPATH\CodeIgniter.php(904): App\Controllers\ProjectController->projects()
 7 SYSTEMPATH\CodeIgniter.php(457): CodeIgniter\CodeIgniter->runController(Object(App\Controllers\ProjectController))
 8 SYSTEMPATH\CodeIgniter.php(340): CodeIgniter\CodeIgniter->handleRequest(null, Object(Config\Cache), false)
 9 FCPATH\index.php(67): CodeIgniter\CodeIgniter->run()
10 SYSTEMPATH\Commands\Server\rewrite.php(43): require_once('FCPATH\\index.php')
CRITICAL - 2022-08-16 09:42:50 --> Undefined array key "id"
in APPPATH\Controllers\ProjectController.php on line 31.
 1 APPPATH\Controllers\ProjectController.php(31): CodeIgniter\Debug\Exceptions->errorHandler(2, 'Undefined array key "id"', 'APPPATH\\Controllers\\ProjectController.php', 31)
 2 SYSTEMPATH\CodeIgniter.php(904): App\Controllers\ProjectController->create()
 3 SYSTEMPATH\CodeIgniter.php(457): CodeIgniter\CodeIgniter->runController(Object(App\Controllers\ProjectController))
 4 SYSTEMPATH\CodeIgniter.php(340): CodeIgniter\CodeIgniter->handleRequest(null, Object(Config\Cache), false)
 5 FCPATH\index.php(67): CodeIgniter\CodeIgniter->run()
 6 SYSTEMPATH\Commands\Server\rewrite.php(43): require_once('FCPATH\\index.php')
CRITICAL - 2022-08-16 09:43:52 --> Undefined array key "id"
in APPPATH\Controllers\ProjectController.php on line 31.
 1 APPPATH\Controllers\ProjectController.php(31): CodeIgniter\Debug\Exceptions->errorHandler(2, 'Undefined array key "id"', 'APPPATH\\Controllers\\ProjectController.php', 31)
 2 SYSTEMPATH\CodeIgniter.php(904): App\Controllers\ProjectController->create()
 3 SYSTEMPATH\CodeIgniter.php(457): CodeIgniter\CodeIgniter->runController(Object(App\Controllers\ProjectController))
 4 SYSTEMPATH\CodeIgniter.php(340): CodeIgniter\CodeIgniter->handleRequest(null, Object(Config\Cache), false)
 5 FCPATH\index.php(67): CodeIgniter\CodeIgniter->run()
 6 SYSTEMPATH\Commands\Server\rewrite.php(43): require_once('FCPATH\\index.php')
